[28-Aug-2017 17:21:58 UTC] PHP Warning:  Cannot modify header information - headers already sent by (output started at /home3/sylvangr/public_html/suite.social/coder/share/connect/index.php:1) in /home3/sylvangr/public_html/suite.social/coder/share/connect/library/AuthAny/Provider/Facebook.php on line 66
[28-Aug-2017 17:22:07 UTC] PHP Strict Standards:  Declaration of AuthAny_Provider_Twitter::handleAuth() should be compatible with AuthAny::handleAuth($config = Array) in /home3/sylvangr/public_html/suite.social/coder/share/connect/library/AuthAny/Provider/Twitter.php on line 320
[28-Aug-2017 17:22:07 UTC] PHP Strict Standards:  Declaration of AuthAny_Provider_Twitter::getAccessToken() should be compatible with AuthAny::getAccessToken($code, $config = Array) in /home3/sylvangr/public_html/suite.social/coder/share/connect/library/AuthAny/Provider/Twitter.php on line 320
[28-Aug-2017 17:22:07 UTC] PHP Warning:  Cannot modify header information - headers already sent by (output started at /home3/sylvangr/public_html/suite.social/coder/share/connect/index.php:1) in /home3/sylvangr/public_html/suite.social/coder/share/connect/library/AuthAny/Provider/Twitter.php on line 111
[28-Aug-2017 17:23:41 UTC] PHP Warning:  Cannot modify header information - headers already sent by (output started at /home3/sylvangr/public_html/suite.social/coder/share/connect/index.php:1) in /home3/sylvangr/public_html/suite.social/coder/share/connect/library/AuthAny/Provider/Facebook.php on line 66
[28-Aug-2017 17:24:10 UTC] PHP Warning:  Cannot modify header information - headers already sent by (output started at /home3/sylvangr/public_html/suite.social/coder/share/connect/index.php:1) in /home3/sylvangr/public_html/suite.social/coder/share/connect/library/AuthAny/Provider/Facebook.php on line 66
[28-Aug-2017 17:54:03 UTC] PHP Warning:  Cannot modify header information - headers already sent by (output started at /home3/sylvangr/public_html/suite.social/coder/share/connect/index.php:1) in /home3/sylvangr/public_html/suite.social/coder/share/connect/library/AuthAny/Provider/Facebook.php on line 66
[28-Aug-2017 17:54:41 UTC] PHP Warning:  Cannot modify header information - headers already sent by (output started at /home3/sylvangr/public_html/suite.social/coder/share/connect/index.php:1) in /home3/sylvangr/public_html/suite.social/coder/share/connect/library/AuthAny/Provider/Facebook.php on line 66
[28-Aug-2017 17:54:47 UTC] PHP Warning:  Cannot modify header information - headers already sent by (output started at /home3/sylvangr/public_html/suite.social/coder/share/connect/index.php:1) in /home3/sylvangr/public_html/suite.social/coder/share/connect/library/AuthAny/Provider/Facebook.php on line 66
[28-Aug-2017 17:55:45 UTC] PHP Warning:  Cannot modify header information - headers already sent by (output started at /home3/sylvangr/public_html/suite.social/coder/share/connect/index.php:1) in /home3/sylvangr/public_html/suite.social/coder/share/connect/library/AuthAny/Provider/Facebook.php on line 66
[28-Aug-2017 17:55:50 UTC] PHP Strict Standards:  Declaration of AuthAny_Provider_Twitter::handleAuth() should be compatible with AuthAny::handleAuth($config = Array) in /home3/sylvangr/public_html/suite.social/coder/share/connect/library/AuthAny/Provider/Twitter.php on line 320
[28-Aug-2017 17:55:50 UTC] PHP Strict Standards:  Declaration of AuthAny_Provider_Twitter::getAccessToken() should be compatible with AuthAny::getAccessToken($code, $config = Array) in /home3/sylvangr/public_html/suite.social/coder/share/connect/library/AuthAny/Provider/Twitter.php on line 320
[28-Aug-2017 17:55:51 UTC] PHP Warning:  Cannot modify header information - headers already sent by (output started at /home3/sylvangr/public_html/suite.social/coder/share/connect/index.php:1) in /home3/sylvangr/public_html/suite.social/coder/share/connect/library/AuthAny/Provider/Twitter.php on line 80
[28-Aug-2017 17:55:59 UTC] PHP Warning:  Cannot modify header information - headers already sent by (output started at /home3/sylvangr/public_html/suite.social/coder/share/connect/index.php:1) in /home3/sylvangr/public_html/suite.social/coder/share/connect/library/AuthAny/Provider/Facebook.php on line 66
[28-Aug-2017 17:58:42 UTC] PHP Warning:  Cannot modify header information - headers already sent by (output started at /home3/sylvangr/public_html/suite.social/coder/share/connect/index.php:1) in /home3/sylvangr/public_html/suite.social/coder/share/connect/library/AuthAny/Provider/Facebook.php on line 66
[28-Aug-2017 18:00:48 UTC] PHP Warning:  Cannot modify header information - headers already sent by (output started at /home3/sylvangr/public_html/suite.social/coder/share/connect/index.php:1) in /home3/sylvangr/public_html/suite.social/coder/share/connect/library/AuthAny/Provider/Facebook.php on line 66
[28-Aug-2017 18:01:08 UTC] PHP Strict Standards:  Declaration of AuthAny_Provider_Googleplus::handleAuth() should be compatible with AuthAny::handleAuth($config = Array) in /home3/sylvangr/public_html/suite.social/coder/share/connect/library/AuthAny/Provider/Googleplus.php on line 224
[28-Aug-2017 18:01:08 UTC] PHP Strict Standards:  Declaration of AuthAny_Provider_Googleplus::getAccessToken() should be compatible with AuthAny::getAccessToken($code, $config = Array) in /home3/sylvangr/public_html/suite.social/coder/share/connect/library/AuthAny/Provider/Googleplus.php on line 224
[28-Aug-2017 18:01:08 UTC] PHP Warning:  Cannot modify header information - headers already sent by (output started at /home3/sylvangr/public_html/suite.social/coder/share/connect/index.php:1) in /home3/sylvangr/public_html/suite.social/coder/share/connect/library/AuthAny/Provider/Googleplus.php on line 68
[28-Aug-2017 18:07:52 UTC] PHP Warning:  Cannot modify header information - headers already sent by (output started at /home3/sylvangr/public_html/suite.social/coder/share/connect/index.php:1) in /home3/sylvangr/public_html/suite.social/coder/share/connect/library/AuthAny/Provider/Facebook.php on line 66
[28-Aug-2017 18:08:37 UTC] PHP Warning:  Cannot modify header information - headers already sent by (output started at /home3/sylvangr/public_html/suite.social/coder/share/connect/index.php:1) in /home3/sylvangr/public_html/suite.social/coder/share/connect/library/AuthAny/Provider/Facebook.php on line 66
[28-Aug-2017 18:15:49 UTC] PHP Strict Standards:  Declaration of AuthAny_Provider_Twitter::handleAuth() should be compatible with AuthAny::handleAuth($config = Array) in /home3/sylvangr/public_html/suite.social/coder/share/connect/library/AuthAny/Provider/Twitter.php on line 320
[28-Aug-2017 18:15:49 UTC] PHP Strict Standards:  Declaration of AuthAny_Provider_Twitter::getAccessToken() should be compatible with AuthAny::getAccessToken($code, $config = Array) in /home3/sylvangr/public_html/suite.social/coder/share/connect/library/AuthAny/Provider/Twitter.php on line 320
[28-Aug-2017 18:15:49 UTC] PHP Warning:  Cannot modify header information - headers already sent by (output started at /home3/sylvangr/public_html/suite.social/coder/share/connect/index.php:1) in /home3/sylvangr/public_html/suite.social/coder/share/connect/library/AuthAny/Provider/Twitter.php on line 111
[28-Aug-2017 18:59:47 UTC] PHP Warning:  Cannot modify header information - headers already sent by (output started at /home3/sylvangr/public_html/suite.social/coder/share/connect/index.php:1) in /home3/sylvangr/public_html/suite.social/coder/share/connect/library/AuthAny/Provider/Facebook.php on line 66
[28-Aug-2017 19:00:10 UTC] PHP Warning:  Cannot modify header information - headers already sent by (output started at /home3/sylvangr/public_html/suite.social/coder/share/connect/index.php:1) in /home3/sylvangr/public_html/suite.social/coder/share/connect/library/AuthAny/Provider/Facebook.php on line 66
[28-Aug-2017 19:00:22 UTC] PHP Strict Standards:  Declaration of AuthAny_Provider_Twitter::handleAuth() should be compatible with AuthAny::handleAuth($config = Array) in /home3/sylvangr/public_html/suite.social/coder/share/connect/library/AuthAny/Provider/Twitter.php on line 320
[28-Aug-2017 19:00:22 UTC] PHP Strict Standards:  Declaration of AuthAny_Provider_Twitter::getAccessToken() should be compatible with AuthAny::getAccessToken($code, $config = Array) in /home3/sylvangr/public_html/suite.social/coder/share/connect/library/AuthAny/Provider/Twitter.php on line 320
[28-Aug-2017 19:00:22 UTC] PHP Warning:  Cannot modify header information - headers already sent by (output started at /home3/sylvangr/public_html/suite.social/coder/share/connect/index.php:1) in /home3/sylvangr/public_html/suite.social/coder/share/connect/library/AuthAny/Provider/Twitter.php on line 111
[28-Aug-2017 19:01:34 UTC] PHP Strict Standards:  Declaration of AuthAny_Provider_Linkedin::handleAuth() should be compatible with AuthAny::handleAuth($config = Array) in /home3/sylvangr/public_html/suite.social/coder/share/connect/library/AuthAny/Provider/Linkedin.php on line 238
[28-Aug-2017 19:01:34 UTC] PHP Strict Standards:  Declaration of AuthAny_Provider_Linkedin::getAccessToken() should be compatible with AuthAny::getAccessToken($code, $config = Array) in /home3/sylvangr/public_html/suite.social/coder/share/connect/library/AuthAny/Provider/Linkedin.php on line 238
[28-Aug-2017 19:01:34 UTC] PHP Warning:  Cannot modify header information - headers already sent by (output started at /home3/sylvangr/public_html/suite.social/coder/share/connect/index.php:1) in /home3/sylvangr/public_html/suite.social/coder/share/connect/library/AuthAny/Provider/Linkedin.php on line 69
[28-Aug-2017 19:02:02 UTC] PHP Strict Standards:  Declaration of AuthAny_Provider_Googleplus::handleAuth() should be compatible with AuthAny::handleAuth($config = Array) in /home3/sylvangr/public_html/suite.social/coder/share/connect/library/AuthAny/Provider/Googleplus.php on line 224
[28-Aug-2017 19:02:02 UTC] PHP Strict Standards:  Declaration of AuthAny_Provider_Googleplus::getAccessToken() should be compatible with AuthAny::getAccessToken($code, $config = Array) in /home3/sylvangr/public_html/suite.social/coder/share/connect/library/AuthAny/Provider/Googleplus.php on line 224
[28-Aug-2017 19:02:02 UTC] PHP Warning:  Cannot modify header information - headers already sent by (output started at /home3/sylvangr/public_html/suite.social/coder/share/connect/index.php:1) in /home3/sylvangr/public_html/suite.social/coder/share/connect/library/AuthAny/Provider/Googleplus.php on line 68
[28-Aug-2017 19:04:27 UTC] PHP Strict Standards:  Declaration of AuthAny_Provider_Googleplus::handleAuth() should be compatible with AuthAny::handleAuth($config = Array) in /home3/sylvangr/public_html/suite.social/coder/share/connect/library/AuthAny/Provider/Googleplus.php on line 224
[28-Aug-2017 19:04:27 UTC] PHP Strict Standards:  Declaration of AuthAny_Provider_Googleplus::getAccessToken() should be compatible with AuthAny::getAccessToken($code, $config = Array) in /home3/sylvangr/public_html/suite.social/coder/share/connect/library/AuthAny/Provider/Googleplus.php on line 224
[28-Aug-2017 19:04:27 UTC] PHP Warning:  Cannot modify header information - headers already sent by (output started at /home3/sylvangr/public_html/suite.social/coder/share/connect/index.php:1) in /home3/sylvangr/public_html/suite.social/coder/share/connect/library/AuthAny/Provider/Googleplus.php on line 68
[28-Aug-2017 19:05:24 UTC] PHP Warning:  Cannot modify header information - headers already sent by (output started at /home3/sylvangr/public_html/suite.social/coder/share/connect/index.php:1) in /home3/sylvangr/public_html/suite.social/coder/share/connect/library/AuthAny/Provider/Facebook.php on line 66
[28-Aug-2017 19:06:31 UTC] PHP Strict Standards:  Declaration of AuthAny_Provider_Youtube::handleAuth() should be compatible with AuthAny::handleAuth($config = Array) in /home3/sylvangr/public_html/suite.social/coder/share/connect/library/AuthAny/Provider/Youtube.php on line 191
[28-Aug-2017 19:06:31 UTC] PHP Strict Standards:  Declaration of AuthAny_Provider_Youtube::getAccessToken() should be compatible with AuthAny::getAccessToken($code, $config = Array) in /home3/sylvangr/public_html/suite.social/coder/share/connect/library/AuthAny/Provider/Youtube.php on line 191
[28-Aug-2017 19:06:31 UTC] PHP Warning:  Cannot modify header information - headers already sent by (output started at /home3/sylvangr/public_html/suite.social/coder/share/connect/index.php:1) in /home3/sylvangr/public_html/suite.social/coder/share/connect/library/AuthAny/Provider/Youtube.php on line 72
[28-Aug-2017 19:09:35 UTC] PHP Strict Standards:  Declaration of AuthAny_Provider_Youtube::handleAuth() should be compatible with AuthAny::handleAuth($config = Array) in /home3/sylvangr/public_html/suite.social/coder/share/connect/library/AuthAny/Provider/Youtube.php on line 191
[28-Aug-2017 19:09:35 UTC] PHP Strict Standards:  Declaration of AuthAny_Provider_Youtube::getAccessToken() should be compatible with AuthAny::getAccessToken($code, $config = Array) in /home3/sylvangr/public_html/suite.social/coder/share/connect/library/AuthAny/Provider/Youtube.php on line 191
[28-Aug-2017 19:09:35 UTC] PHP Warning:  Cannot modify header information - headers already sent by (output started at /home3/sylvangr/public_html/suite.social/coder/share/connect/index.php:1) in /home3/sylvangr/public_html/suite.social/coder/share/connect/library/AuthAny/Provider/Youtube.php on line 72
[28-Aug-2017 19:11:39 UTC] PHP Strict Standards:  Declaration of AuthAny_Provider_Linkedin::handleAuth() should be compatible with AuthAny::handleAuth($config = Array) in /home3/sylvangr/public_html/suite.social/coder/share/connect/library/AuthAny/Provider/Linkedin.php on line 238
[28-Aug-2017 19:11:39 UTC] PHP Strict Standards:  Declaration of AuthAny_Provider_Linkedin::getAccessToken() should be compatible with AuthAny::getAccessToken($code, $config = Array) in /home3/sylvangr/public_html/suite.social/coder/share/connect/library/AuthAny/Provider/Linkedin.php on line 238
[28-Aug-2017 19:11:40 UTC] PHP Warning:  Cannot modify header information - headers already sent by (output started at /home3/sylvangr/public_html/suite.social/coder/share/connect/index.php:1) in /home3/sylvangr/public_html/suite.social/coder/share/connect/library/AuthAny/Provider/Linkedin.php on line 174
[28-Aug-2017 19:11:40 UTC] PHP Warning:  Cannot modify header information - headers already sent by (output started at /home3/sylvangr/public_html/suite.social/coder/share/connect/index.php:1) in /home3/sylvangr/public_html/suite.social/coder/share/connect/library/AuthAny.php on line 398
[28-Aug-2017 19:11:40 UTC] PHP Notice:  Undefined index: username in /home3/sylvangr/public_html/suite.social/coder/share/connect/index.php on line 127
[28-Aug-2017 19:11:40 UTC] PHP Notice:  Undefined index: product_banner in /home3/sylvangr/public_html/suite.social/coder/share/connect/index.php on line 795
[28-Aug-2017 19:12:12 UTC] PHP Fatal error:  Call to a member function handleGet() on null in /home3/sylvangr/public_html/suite.social/coder/share/connect/library/AuthAny.php on line 146
[28-Aug-2017 19:14:48 UTC] PHP Strict Standards:  Declaration of AuthAny_Provider_Youtube::handleAuth() should be compatible with AuthAny::handleAuth($config = Array) in /home3/sylvangr/public_html/suite.social/coder/share/connect/library/AuthAny/Provider/Youtube.php on line 191
[28-Aug-2017 19:14:48 UTC] PHP Strict Standards:  Declaration of AuthAny_Provider_Youtube::getAccessToken() should be compatible with AuthAny::getAccessToken($code, $config = Array) in /home3/sylvangr/public_html/suite.social/coder/share/connect/library/AuthAny/Provider/Youtube.php on line 191
[28-Aug-2017 19:14:48 UTC] PHP Warning:  Cannot modify header information - headers already sent by (output started at /home3/sylvangr/public_html/suite.social/coder/share/connect/index.php:1) in /home3/sylvangr/public_html/suite.social/coder/share/connect/library/AuthAny/Provider/Youtube.php on line 72
[28-Aug-2017 19:17:11 UTC] PHP Warning:  Cannot modify header information - headers already sent by (output started at /home3/sylvangr/public_html/suite.social/coder/share/connect/index.php:1) in /home3/sylvangr/public_html/suite.social/coder/share/connect/library/AuthAny/Provider/Facebook.php on line 66
[28-Aug-2017 19:17:20 UTC] PHP Strict Standards:  Declaration of AuthAny_Provider_Twitter::handleAuth() should be compatible with AuthAny::handleAuth($config = Array) in /home3/sylvangr/public_html/suite.social/coder/share/connect/library/AuthAny/Provider/Twitter.php on line 320
[28-Aug-2017 19:17:20 UTC] PHP Strict Standards:  Declaration of AuthAny_Provider_Twitter::getAccessToken() should be compatible with AuthAny::getAccessToken($code, $config = Array) in /home3/sylvangr/public_html/suite.social/coder/share/connect/library/AuthAny/Provider/Twitter.php on line 320
[28-Aug-2017 19:17:20 UTC] PHP Warning:  Cannot modify header information - headers already sent by (output started at /home3/sylvangr/public_html/suite.social/coder/share/connect/index.php:1) in /home3/sylvangr/public_html/suite.social/coder/share/connect/library/AuthAny/Provider/Twitter.php on line 111
[28-Aug-2017 19:17:35 UTC] PHP Strict Standards:  Declaration of AuthAny_Provider_Googleplus::handleAuth() should be compatible with AuthAny::handleAuth($config = Array) in /home3/sylvangr/public_html/suite.social/coder/share/connect/library/AuthAny/Provider/Googleplus.php on line 224
[28-Aug-2017 19:17:35 UTC] PHP Strict Standards:  Declaration of AuthAny_Provider_Googleplus::getAccessToken() should be compatible with AuthAny::getAccessToken($code, $config = Array) in /home3/sylvangr/public_html/suite.social/coder/share/connect/library/AuthAny/Provider/Googleplus.php on line 224
[28-Aug-2017 19:17:35 UTC] PHP Warning:  Cannot modify header information - headers already sent by (output started at /home3/sylvangr/public_html/suite.social/coder/share/connect/index.php:1) in /home3/sylvangr/public_html/suite.social/coder/share/connect/library/AuthAny/Provider/Googleplus.php on line 68
[28-Aug-2017 19:20:32 UTC] PHP Warning:  Cannot modify header information - headers already sent by (output started at /home3/sylvangr/public_html/suite.social/coder/share/connect/index.php:1) in /home3/sylvangr/public_html/suite.social/coder/share/connect/library/AuthAny/Provider/Facebook.php on line 66
[28-Aug-2017 19:20:37 UTC] PHP Warning:  Cannot modify header information - headers already sent by (output started at /home3/sylvangr/public_html/suite.social/coder/share/connect/index.php:1) in /home3/sylvangr/public_html/suite.social/coder/share/connect/library/AuthAny/Provider/Facebook.php on line 66
[28-Aug-2017 19:20:42 UTC] PHP Strict Standards:  Declaration of AuthAny_Provider_Twitter::handleAuth() should be compatible with AuthAny::handleAuth($config = Array) in /home3/sylvangr/public_html/suite.social/coder/share/connect/library/AuthAny/Provider/Twitter.php on line 320
[28-Aug-2017 19:20:42 UTC] PHP Strict Standards:  Declaration of AuthAny_Provider_Twitter::getAccessToken() should be compatible with AuthAny::getAccessToken($code, $config = Array) in /home3/sylvangr/public_html/suite.social/coder/share/connect/library/AuthAny/Provider/Twitter.php on line 320
[28-Aug-2017 19:20:42 UTC] PHP Notice:  Undefined index: oauth_verifier in /home3/sylvangr/public_html/suite.social/coder/share/connect/library/AuthAny/Provider/Twitter.php on line 126
[28-Aug-2017 19:20:43 UTC] PHP Notice:  Undefined index: oauth_token in /home3/sylvangr/public_html/suite.social/coder/share/connect/library/Twitter.php on line 115
[28-Aug-2017 19:20:43 UTC] PHP Notice:  Undefined index: oauth_token_secret in /home3/sylvangr/public_html/suite.social/coder/share/connect/library/Twitter.php on line 115
[28-Aug-2017 19:20:43 UTC] PHP Warning:  Cannot modify header information - headers already sent by (output started at /home3/sylvangr/public_html/suite.social/coder/share/connect/index.php:1) in /home3/sylvangr/public_html/suite.social/coder/share/connect/library/AuthAny/Provider/Twitter.php on line 162
[28-Aug-2017 19:20:48 UTC] PHP Strict Standards:  Declaration of AuthAny_Provider_Googleplus::handleAuth() should be compatible with AuthAny::handleAuth($config = Array) in /home3/sylvangr/public_html/suite.social/coder/share/connect/library/AuthAny/Provider/Googleplus.php on line 224
[28-Aug-2017 19:20:48 UTC] PHP Strict Standards:  Declaration of AuthAny_Provider_Googleplus::getAccessToken() should be compatible with AuthAny::getAccessToken($code, $config = Array) in /home3/sylvangr/public_html/suite.social/coder/share/connect/library/AuthAny/Provider/Googleplus.php on line 224
[28-Aug-2017 19:20:48 UTC] PHP Warning:  Cannot modify header information - headers already sent by (output started at /home3/sylvangr/public_html/suite.social/coder/share/connect/index.php:1) in /home3/sylvangr/public_html/suite.social/coder/share/connect/library/AuthAny/Provider/Googleplus.php on line 68
[28-Aug-2017 19:20:52 UTC] PHP Strict Standards:  Declaration of AuthAny_Provider_Linkedin::handleAuth() should be compatible with AuthAny::handleAuth($config = Array) in /home3/sylvangr/public_html/suite.social/coder/share/connect/library/AuthAny/Provider/Linkedin.php on line 238
[28-Aug-2017 19:20:52 UTC] PHP Strict Standards:  Declaration of AuthAny_Provider_Linkedin::getAccessToken() should be compatible with AuthAny::getAccessToken($code, $config = Array) in /home3/sylvangr/public_html/suite.social/coder/share/connect/library/AuthAny/Provider/Linkedin.php on line 238
[28-Aug-2017 19:20:52 UTC] PHP Warning:  Cannot modify header information - headers already sent by (output started at /home3/sylvangr/public_html/suite.social/coder/share/connect/index.php:1) in /home3/sylvangr/public_html/suite.social/coder/share/connect/library/AuthAny/Provider/Linkedin.php on line 69
[28-Aug-2017 19:20:58 UTC] PHP Strict Standards:  Declaration of AuthAny_Provider_Youtube::handleAuth() should be compatible with AuthAny::handleAuth($config = Array) in /home3/sylvangr/public_html/suite.social/coder/share/connect/library/AuthAny/Provider/Youtube.php on line 191
[28-Aug-2017 19:20:58 UTC] PHP Strict Standards:  Declaration of AuthAny_Provider_Youtube::getAccessToken() should be compatible with AuthAny::getAccessToken($code, $config = Array) in /home3/sylvangr/public_html/suite.social/coder/share/connect/library/AuthAny/Provider/Youtube.php on line 191
[28-Aug-2017 19:20:58 UTC] PHP Warning:  Cannot modify header information - headers already sent by (output started at /home3/sylvangr/public_html/suite.social/coder/share/connect/index.php:1) in /home3/sylvangr/public_html/suite.social/coder/share/connect/library/AuthAny/Provider/Youtube.php on line 72
[28-Aug-2017 19:25:38 UTC] PHP Warning:  Cannot modify header information - headers already sent by (output started at /home3/sylvangr/public_html/suite.social/coder/share/connect/index.php:1) in /home3/sylvangr/public_html/suite.social/coder/share/connect/library/AuthAny/Provider/Facebook.php on line 66
[28-Aug-2017 19:25:52 UTC] PHP Strict Standards:  Declaration of AuthAny_Provider_Twitter::handleAuth() should be compatible with AuthAny::handleAuth($config = Array) in /home3/sylvangr/public_html/suite.social/coder/share/connect/library/AuthAny/Provider/Twitter.php on line 320
[28-Aug-2017 19:25:52 UTC] PHP Strict Standards:  Declaration of AuthAny_Provider_Twitter::getAccessToken() should be compatible with AuthAny::getAccessToken($code, $config = Array) in /home3/sylvangr/public_html/suite.social/coder/share/connect/library/AuthAny/Provider/Twitter.php on line 320
[28-Aug-2017 19:25:52 UTC] PHP Notice:  Undefined index: request_token in /home3/sylvangr/public_html/suite.social/coder/share/connect/library/AuthAny/Provider/Twitter.php on line 123
[28-Aug-2017 19:25:52 UTC] PHP Notice:  Undefined index: request_token_secret in /home3/sylvangr/public_html/suite.social/coder/share/connect/library/AuthAny/Provider/Twitter.php on line 123
[28-Aug-2017 19:25:52 UTC] PHP Notice:  Undefined index: oauth_verifier in /home3/sylvangr/public_html/suite.social/coder/share/connect/library/AuthAny/Provider/Twitter.php on line 126
[28-Aug-2017 19:25:52 UTC] PHP Notice:  Undefined index: oauth_token in /home3/sylvangr/public_html/suite.social/coder/share/connect/library/Twitter.php on line 115
[28-Aug-2017 19:25:52 UTC] PHP Notice:  Undefined index: oauth_token_secret in /home3/sylvangr/public_html/suite.social/coder/share/connect/library/Twitter.php on line 115
[28-Aug-2017 19:25:52 UTC] PHP Warning:  Cannot modify header information - headers already sent by (output started at /home3/sylvangr/public_html/suite.social/coder/share/connect/index.php:1) in /home3/sylvangr/public_html/suite.social/coder/share/connect/library/AuthAny/Provider/Twitter.php on line 162
[28-Aug-2017 19:26:03 UTC] PHP Strict Standards:  Declaration of AuthAny_Provider_Googleplus::handleAuth() should be compatible with AuthAny::handleAuth($config = Array) in /home3/sylvangr/public_html/suite.social/coder/share/connect/library/AuthAny/Provider/Googleplus.php on line 224
[28-Aug-2017 19:26:03 UTC] PHP Strict Standards:  Declaration of AuthAny_Provider_Googleplus::getAccessToken() should be compatible with AuthAny::getAccessToken($code, $config = Array) in /home3/sylvangr/public_html/suite.social/coder/share/connect/library/AuthAny/Provider/Googleplus.php on line 224
[28-Aug-2017 19:26:03 UTC] PHP Warning:  Cannot modify header information - headers already sent by (output started at /home3/sylvangr/public_html/suite.social/coder/share/connect/index.php:1) in /home3/sylvangr/public_html/suite.social/coder/share/connect/library/AuthAny/Provider/Googleplus.php on line 68
[28-Aug-2017 19:26:17 UTC] PHP Strict Standards:  Declaration of AuthAny_Provider_Linkedin::handleAuth() should be compatible with AuthAny::handleAuth($config = Array) in /home3/sylvangr/public_html/suite.social/coder/share/connect/library/AuthAny/Provider/Linkedin.php on line 238
[28-Aug-2017 19:26:17 UTC] PHP Strict Standards:  Declaration of AuthAny_Provider_Linkedin::getAccessToken() should be compatible with AuthAny::getAccessToken($code, $config = Array) in /home3/sylvangr/public_html/suite.social/coder/share/connect/library/AuthAny/Provider/Linkedin.php on line 238
[28-Aug-2017 19:26:17 UTC] PHP Warning:  Cannot modify header information - headers already sent by (output started at /home3/sylvangr/public_html/suite.social/coder/share/connect/index.php:1) in /home3/sylvangr/public_html/suite.social/coder/share/connect/library/AuthAny/Provider/Linkedin.php on line 69
[28-Aug-2017 19:27:01 UTC] PHP Strict Standards:  Declaration of AuthAny_Provider_Linkedin::handleAuth() should be compatible with AuthAny::handleAuth($config = Array) in /home3/sylvangr/public_html/suite.social/coder/share/connect/library/AuthAny/Provider/Linkedin.php on line 238
[28-Aug-2017 19:27:01 UTC] PHP Strict Standards:  Declaration of AuthAny_Provider_Linkedin::getAccessToken() should be compatible with AuthAny::getAccessToken($code, $config = Array) in /home3/sylvangr/public_html/suite.social/coder/share/connect/library/AuthAny/Provider/Linkedin.php on line 238
[28-Aug-2017 19:27:01 UTC] PHP Warning:  Cannot modify header information - headers already sent by (output started at /home3/sylvangr/public_html/suite.social/coder/share/connect/index.php:1) in /home3/sylvangr/public_html/suite.social/coder/share/connect/library/AuthAny/Provider/Linkedin.php on line 69
[28-Aug-2017 19:27:14 UTC] PHP Strict Standards:  Declaration of AuthAny_Provider_Linkedin::handleAuth() should be compatible with AuthAny::handleAuth($config = Array) in /home3/sylvangr/public_html/suite.social/coder/share/connect/library/AuthAny/Provider/Linkedin.php on line 238
[28-Aug-2017 19:27:14 UTC] PHP Strict Standards:  Declaration of AuthAny_Provider_Linkedin::getAccessToken() should be compatible with AuthAny::getAccessToken($code, $config = Array) in /home3/sylvangr/public_html/suite.social/coder/share/connect/library/AuthAny/Provider/Linkedin.php on line 238
[28-Aug-2017 19:27:14 UTC] PHP Warning:  Cannot modify header information - headers already sent by (output started at /home3/sylvangr/public_html/suite.social/coder/share/connect/index.php:1) in /home3/sylvangr/public_html/suite.social/coder/share/connect/library/AuthAny/Provider/Linkedin.php on line 69
[28-Aug-2017 19:28:38 UTC] PHP Strict Standards:  Declaration of AuthAny_Provider_Youtube::handleAuth() should be compatible with AuthAny::handleAuth($config = Array) in /home3/sylvangr/public_html/suite.social/coder/share/connect/library/AuthAny/Provider/Youtube.php on line 191
[28-Aug-2017 19:28:38 UTC] PHP Strict Standards:  Declaration of AuthAny_Provider_Youtube::getAccessToken() should be compatible with AuthAny::getAccessToken($code, $config = Array) in /home3/sylvangr/public_html/suite.social/coder/share/connect/library/AuthAny/Provider/Youtube.php on line 191
[28-Aug-2017 19:28:38 UTC] PHP Warning:  Cannot modify header information - headers already sent by (output started at /home3/sylvangr/public_html/suite.social/coder/share/connect/index.php:1) in /home3/sylvangr/public_html/suite.social/coder/share/connect/library/AuthAny/Provider/Youtube.php on line 72
[28-Aug-2017 19:31:23 UTC] PHP Strict Standards:  Declaration of AuthAny_Provider_Youtube::handleAuth() should be compatible with AuthAny::handleAuth($config = Array) in /home3/sylvangr/public_html/suite.social/coder/share/connect/library/AuthAny/Provider/Youtube.php on line 191
[28-Aug-2017 19:31:23 UTC] PHP Strict Standards:  Declaration of AuthAny_Provider_Youtube::getAccessToken() should be compatible with AuthAny::getAccessToken($code, $config = Array) in /home3/sylvangr/public_html/suite.social/coder/share/connect/library/AuthAny/Provider/Youtube.php on line 191
[28-Aug-2017 19:31:23 UTC] PHP Warning:  Cannot modify header information - headers already sent by (output started at /home3/sylvangr/public_html/suite.social/coder/share/connect/index.php:1) in /home3/sylvangr/public_html/suite.social/coder/share/connect/library/AuthAny/Provider/Youtube.php on line 72
[28-Aug-2017 19:33:52 UTC] PHP Strict Standards:  Declaration of AuthAny_Provider_Youtube::handleAuth() should be compatible with AuthAny::handleAuth($config = Array) in /home3/sylvangr/public_html/suite.social/coder/share/connect/library/AuthAny/Provider/Youtube.php on line 191
[28-Aug-2017 19:33:52 UTC] PHP Strict Standards:  Declaration of AuthAny_Provider_Youtube::getAccessToken() should be compatible with AuthAny::getAccessToken($code, $config = Array) in /home3/sylvangr/public_html/suite.social/coder/share/connect/library/AuthAny/Provider/Youtube.php on line 191
[28-Aug-2017 19:33:52 UTC] PHP Warning:  Cannot modify header information - headers already sent by (output started at /home3/sylvangr/public_html/suite.social/coder/share/connect/index.php:1) in /home3/sylvangr/public_html/suite.social/coder/share/connect/library/AuthAny/Provider/Youtube.php on line 72
[28-Aug-2017 19:33:56 UTC] PHP Warning:  Cannot modify header information - headers already sent by (output started at /home3/sylvangr/public_html/suite.social/coder/share/connect/index.php:1) in /home3/sylvangr/public_html/suite.social/coder/share/connect/library/AuthAny/Provider/Facebook.php on line 66
[28-Aug-2017 19:36:20 UTC] PHP Strict Standards:  Declaration of AuthAny_Provider_Youtube::handleAuth() should be compatible with AuthAny::handleAuth($config = Array) in /home3/sylvangr/public_html/suite.social/coder/share/connect/library/AuthAny/Provider/Youtube.php on line 191
[28-Aug-2017 19:36:20 UTC] PHP Strict Standards:  Declaration of AuthAny_Provider_Youtube::getAccessToken() should be compatible with AuthAny::getAccessToken($code, $config = Array) in /home3/sylvangr/public_html/suite.social/coder/share/connect/library/AuthAny/Provider/Youtube.php on line 191
[28-Aug-2017 19:36:20 UTC] PHP Warning:  Cannot modify header information - headers already sent by (output started at /home3/sylvangr/public_html/suite.social/coder/share/connect/index.php:1) in /home3/sylvangr/public_html/suite.social/coder/share/connect/library/AuthAny/Provider/Youtube.php on line 72
[28-Aug-2017 19:39:43 UTC] PHP Warning:  Cannot modify header information - headers already sent by (output started at /home3/sylvangr/public_html/suite.social/coder/share/connect/index.php:1) in /home3/sylvangr/public_html/suite.social/coder/share/connect/library/AuthAny/Provider/Facebook.php on line 66
[28-Aug-2017 19:45:27 UTC] PHP Warning:  Cannot modify header information - headers already sent by (output started at /home3/sylvangr/public_html/suite.social/coder/share/connect/index.php:1) in /home3/sylvangr/public_html/suite.social/coder/share/connect/library/AuthAny/Provider/Facebook.php on line 66
[28-Aug-2017 19:45:30 UTC] PHP Strict Standards:  Declaration of AuthAny_Provider_Twitter::handleAuth() should be compatible with AuthAny::handleAuth($config = Array) in /home3/sylvangr/public_html/suite.social/coder/share/connect/library/AuthAny/Provider/Twitter.php on line 320
[28-Aug-2017 19:45:30 UTC] PHP Strict Standards:  Declaration of AuthAny_Provider_Twitter::getAccessToken() should be compatible with AuthAny::getAccessToken($code, $config = Array) in /home3/sylvangr/public_html/suite.social/coder/share/connect/library/AuthAny/Provider/Twitter.php on line 320
[28-Aug-2017 19:45:31 UTC] PHP Warning:  Cannot modify header information - headers already sent by (output started at /home3/sylvangr/public_html/suite.social/coder/share/connect/index.php:1) in /home3/sylvangr/public_html/suite.social/coder/share/connect/library/AuthAny/Provider/Twitter.php on line 111
[28-Aug-2017 19:45:36 UTC] PHP Strict Standards:  Declaration of AuthAny_Provider_Googleplus::handleAuth() should be compatible with AuthAny::handleAuth($config = Array) in /home3/sylvangr/public_html/suite.social/coder/share/connect/library/AuthAny/Provider/Googleplus.php on line 224
[28-Aug-2017 19:45:36 UTC] PHP Strict Standards:  Declaration of AuthAny_Provider_Googleplus::getAccessToken() should be compatible with AuthAny::getAccessToken($code, $config = Array) in /home3/sylvangr/public_html/suite.social/coder/share/connect/library/AuthAny/Provider/Googleplus.php on line 224
[28-Aug-2017 19:45:36 UTC] PHP Warning:  Cannot modify header information - headers already sent by (output started at /home3/sylvangr/public_html/suite.social/coder/share/connect/index.php:1) in /home3/sylvangr/public_html/suite.social/coder/share/connect/library/AuthAny/Provider/Googleplus.php on line 68
[28-Aug-2017 19:45:40 UTC] PHP Strict Standards:  Declaration of AuthAny_Provider_Linkedin::handleAuth() should be compatible with AuthAny::handleAuth($config = Array) in /home3/sylvangr/public_html/suite.social/coder/share/connect/library/AuthAny/Provider/Linkedin.php on line 238
[28-Aug-2017 19:45:40 UTC] PHP Strict Standards:  Declaration of AuthAny_Provider_Linkedin::getAccessToken() should be compatible with AuthAny::getAccessToken($code, $config = Array) in /home3/sylvangr/public_html/suite.social/coder/share/connect/library/AuthAny/Provider/Linkedin.php on line 238
[28-Aug-2017 19:45:40 UTC] PHP Warning:  Cannot modify header information - headers already sent by (output started at /home3/sylvangr/public_html/suite.social/coder/share/connect/index.php:1) in /home3/sylvangr/public_html/suite.social/coder/share/connect/library/AuthAny/Provider/Linkedin.php on line 69
[28-Aug-2017 19:45:44 UTC] PHP Strict Standards:  Declaration of AuthAny_Provider_Youtube::handleAuth() should be compatible with AuthAny::handleAuth($config = Array) in /home3/sylvangr/public_html/suite.social/coder/share/connect/library/AuthAny/Provider/Youtube.php on line 191
[28-Aug-2017 19:45:44 UTC] PHP Strict Standards:  Declaration of AuthAny_Provider_Youtube::getAccessToken() should be compatible with AuthAny::getAccessToken($code, $config = Array) in /home3/sylvangr/public_html/suite.social/coder/share/connect/library/AuthAny/Provider/Youtube.php on line 191
[28-Aug-2017 19:45:44 UTC] PHP Warning:  Cannot modify header information - headers already sent by (output started at /home3/sylvangr/public_html/suite.social/coder/share/connect/index.php:1) in /home3/sylvangr/public_html/suite.social/coder/share/connect/library/AuthAny/Provider/Youtube.php on line 72
[28-Aug-2017 20:07:44 UTC] PHP Notice:  Undefined variable: AuthAny in D:\xampp\htdocs\erwin\testing\social-logins\index.php on line 75
[28-Aug-2017 20:07:44 UTC] PHP Fatal error:  Call to a member function handleRequest() on null in D:\xampp\htdocs\erwin\testing\social-logins\index.php on line 75
[28-Aug-2017 20:07:49 UTC] PHP Notice:  Undefined variable: AuthAny in D:\xampp\htdocs\erwin\testing\social-logins\index.php on line 75
[28-Aug-2017 20:07:49 UTC] PHP Fatal error:  Call to a member function handleRequest() on null in D:\xampp\htdocs\erwin\testing\social-logins\index.php on line 75
[28-Aug-2017 20:07:51 UTC] PHP Notice:  Undefined variable: AuthAny in D:\xampp\htdocs\erwin\testing\social-logins\index.php on line 75
[28-Aug-2017 20:07:51 UTC] PHP Fatal error:  Call to a member function handleRequest() on null in D:\xampp\htdocs\erwin\testing\social-logins\index.php on line 75
[28-Aug-2017 20:08:09 UTC] PHP Notice:  Undefined variable: AuthAny in D:\xampp\htdocs\erwin\testing\social-logins\index.php on line 75
[28-Aug-2017 20:08:09 UTC] PHP Fatal error:  Call to a member function handleRequest() on null in D:\xampp\htdocs\erwin\testing\social-logins\index.php on line 75
[28-Aug-2017 20:09:22 UTC] PHP Fatal error:  Cannot redeclare class AuthAny in D:\xampp\htdocs\erwin\testing\social-logins\authany\library\AuthAny.php on line 21
[28-Aug-2017 20:09:24 UTC] PHP Fatal error:  Cannot redeclare class AuthAny in D:\xampp\htdocs\erwin\testing\social-logins\authany\library\AuthAny.php on line 21
[28-Aug-2017 20:09:34 UTC] PHP Fatal error:  Cannot redeclare class AuthAny in D:\xampp\htdocs\erwin\testing\social-logins\authany\library\AuthAny.php on line 21
[28-Aug-2017 20:09:43 UTC] PHP Notice:  Undefined variable: AuthAny in D:\xampp\htdocs\erwin\testing\social-logins\index.php on line 75
[28-Aug-2017 20:09:43 UTC] PHP Fatal error:  Call to a member function handleRequest() on null in D:\xampp\htdocs\erwin\testing\social-logins\index.php on line 75
[28-Aug-2017 20:09:46 UTC] PHP Notice:  Undefined variable: AuthAny in D:\xampp\htdocs\erwin\testing\social-logins\index.php on line 75
[28-Aug-2017 20:09:46 UTC] PHP Fatal error:  Call to a member function handleRequest() on null in D:\xampp\htdocs\erwin\testing\social-logins\index.php on line 75
[28-Aug-2017 20:10:00 UTC] PHP Notice:  Undefined variable: AuthAny in D:\xampp\htdocs\erwin\testing\social-logins\index.php on line 75
[28-Aug-2017 20:10:00 UTC] PHP Fatal error:  Call to a member function handleRequest() on null in D:\xampp\htdocs\erwin\testing\social-logins\index.php on line 75
