[20-Aug-2017 18:55:10 UTC] PHP Strict Standards:  Declaration of AuthAny_Provider_Linkedin::handleAuth() should be compatible with AuthAny::handleAuth($config = Array) in /home3/sylvangr/public_html/suite.social/coder/share/connect/library/AuthAny/Provider/Linkedin.php on line 238
[20-Aug-2017 18:55:10 UTC] PHP Strict Standards:  Declaration of AuthAny_Provider_Linkedin::getAccessToken() should be compatible with AuthAny::getAccessToken($code, $config = Array) in /home3/sylvangr/public_html/suite.social/coder/share/connect/library/AuthAny/Provider/Linkedin.php on line 238
[20-Aug-2017 18:55:11 UTC] PHP Notice:  Undefined index: username in /home3/sylvangr/public_html/suite.social/coder/share/connect/index.php on line 99
[20-Aug-2017 18:55:11 UTC] PHP Notice:  Undefined index: product_banner in /home3/sylvangr/public_html/suite.social/coder/share/connect/index.php on line 1064
[20-Aug-2017 18:55:12 UTC] PHP Notice:  Undefined index: username in /home3/sylvangr/public_html/suite.social/coder/share/connect/index.php on line 99
[20-Aug-2017 18:55:12 UTC] PHP Notice:  Undefined index: product_banner in /home3/sylvangr/public_html/suite.social/coder/share/connect/index.php on line 1064
[20-Aug-2017 18:57:45 UTC] PHP Warning:  unlink(visitor_1683869308605358.txt): No such file or directory in /home3/sylvangr/public_html/suite.social/coder/share/connect/index.php on line 1280
[20-Aug-2017 18:57:45 UTC] PHP Warning:  unlink(1683869308605358.txt): No such file or directory in /home3/sylvangr/public_html/suite.social/coder/share/connect/index.php on line 1281
[20-Aug-2017 18:57:46 UTC] PHP Warning:  unlink(visitor_1683869308605358.txt): No such file or directory in /home3/sylvangr/public_html/suite.social/coder/share/connect/index.php on line 1280
[20-Aug-2017 18:57:46 UTC] PHP Warning:  unlink(1683869308605358.txt): No such file or directory in /home3/sylvangr/public_html/suite.social/coder/share/connect/index.php on line 1281
[20-Aug-2017 18:58:15 UTC] PHP Warning:  unlink(visitor_1683869308605358.txt): No such file or directory in /home3/sylvangr/public_html/suite.social/coder/share/connect/index.php on line 1280
[20-Aug-2017 18:58:15 UTC] PHP Warning:  unlink(1683869308605358.txt): No such file or directory in /home3/sylvangr/public_html/suite.social/coder/share/connect/index.php on line 1281
[20-Aug-2017 18:58:42 UTC] PHP Warning:  unlink(visitor_1683869308605358.txt): No such file or directory in /home3/sylvangr/public_html/suite.social/coder/share/connect/index.php on line 1280
[20-Aug-2017 18:58:42 UTC] PHP Warning:  unlink(1683869308605358.txt): No such file or directory in /home3/sylvangr/public_html/suite.social/coder/share/connect/index.php on line 1281
[20-Aug-2017 18:58:55 UTC] PHP Warning:  unlink(visitor_1683869308605358.txt): No such file or directory in /home3/sylvangr/public_html/suite.social/coder/share/connect/index.php on line 1280
[20-Aug-2017 18:58:55 UTC] PHP Warning:  unlink(1683869308605358.txt): No such file or directory in /home3/sylvangr/public_html/suite.social/coder/share/connect/index.php on line 1281
[20-Aug-2017 19:11:56 UTC] PHP Warning:  unlink(visitor_1683869308605358.txt): No such file or directory in /home3/sylvangr/public_html/suite.social/coder/share/connect/index.php on line 1280
[20-Aug-2017 19:11:56 UTC] PHP Warning:  unlink(1683869308605358.txt): No such file or directory in /home3/sylvangr/public_html/suite.social/coder/share/connect/index.php on line 1281
[20-Aug-2017 19:13:26 UTC] PHP Warning:  unlink(visitor_1683869308605358.txt): No such file or directory in /home3/sylvangr/public_html/suite.social/coder/share/connect/index.php on line 1280
[20-Aug-2017 19:13:26 UTC] PHP Warning:  unlink(1683869308605358.txt): No such file or directory in /home3/sylvangr/public_html/suite.social/coder/share/connect/index.php on line 1281
[20-Aug-2017 19:13:26 UTC] PHP Warning:  unlink(visitor_1683869308605358.txt): No such file or directory in /home3/sylvangr/public_html/suite.social/coder/share/connect/index.php on line 1280
[20-Aug-2017 19:13:26 UTC] PHP Warning:  unlink(1683869308605358.txt): No such file or directory in /home3/sylvangr/public_html/suite.social/coder/share/connect/index.php on line 1281
[20-Aug-2017 19:19:01 UTC] PHP Warning:  unlink(visitor_1683869308605358.txt): No such file or directory in /home3/sylvangr/public_html/suite.social/coder/share/connect/index.php on line 1277
[20-Aug-2017 19:19:01 UTC] PHP Warning:  unlink(1683869308605358.txt): No such file or directory in /home3/sylvangr/public_html/suite.social/coder/share/connect/index.php on line 1278
