[26-Aug-2017 13:04:35 UTC] PHP Strict Standards:  Declaration of AuthAny_Provider_Facebook::handleAuth() should be compatible with AuthAny::handleAuth($config = Array) in /home3/sylvangr/public_html/suite.social/coder/share/connect/library/AuthAny/Provider/Facebook.php on line 193
[26-Aug-2017 13:04:35 UTC] PHP Strict Standards:  Declaration of AuthAny_Provider_Facebook::getAccessToken() should be compatible with AuthAny::getAccessToken($code, $config = Array) in /home3/sylvangr/public_html/suite.social/coder/share/connect/library/AuthAny/Provider/Facebook.php on line 193
[26-Aug-2017 13:05:07 UTC] PHP Strict Standards:  Declaration of AuthAny_Provider_Twitter::handleAuth() should be compatible with AuthAny::handleAuth($config = Array) in /home3/sylvangr/public_html/suite.social/coder/share/connect/library/AuthAny/Provider/Twitter.php on line 310
[26-Aug-2017 13:05:07 UTC] PHP Strict Standards:  Declaration of AuthAny_Provider_Twitter::getAccessToken() should be compatible with AuthAny::getAccessToken($code, $config = Array) in /home3/sylvangr/public_html/suite.social/coder/share/connect/library/AuthAny/Provider/Twitter.php on line 310
[26-Aug-2017 13:05:14 UTC] PHP Strict Standards:  Declaration of AuthAny_Provider_Twitter::handleAuth() should be compatible with AuthAny::handleAuth($config = Array) in /home3/sylvangr/public_html/suite.social/coder/share/connect/library/AuthAny/Provider/Twitter.php on line 310
[26-Aug-2017 13:05:14 UTC] PHP Strict Standards:  Declaration of AuthAny_Provider_Twitter::getAccessToken() should be compatible with AuthAny::getAccessToken($code, $config = Array) in /home3/sylvangr/public_html/suite.social/coder/share/connect/library/AuthAny/Provider/Twitter.php on line 310
[26-Aug-2017 13:05:15 UTC] PHP Notice:  Undefined index: product_banner in /home3/sylvangr/public_html/suite.social/coder/share/connect/index.php on line 1077
[26-Aug-2017 13:05:15 UTC] PHP Notice:  Undefined index: product_banner in /home3/sylvangr/public_html/suite.social/coder/share/connect/index.php on line 1077
[26-Aug-2017 13:10:41 UTC] PHP Notice:  Undefined index: product_banner in /home3/sylvangr/public_html/suite.social/coder/share/connect/index.php on line 1077
[26-Aug-2017 13:10:48 UTC] PHP Notice:  Undefined index: product_banner in /home3/sylvangr/public_html/suite.social/coder/share/connect/index.php on line 1077
[26-Aug-2017 13:11:37 UTC] PHP Warning:  unlink(visitor_896628489285009409.txt): No such file or directory in /home3/sylvangr/public_html/suite.social/coder/share/connect/index.php on line 1292
[26-Aug-2017 13:11:37 UTC] PHP Warning:  unlink(896628489285009409.txt): No such file or directory in /home3/sylvangr/public_html/suite.social/coder/share/connect/index.php on line 1293
[26-Aug-2017 13:15:31 UTC] PHP Strict Standards:  Declaration of AuthAny_Provider_Twitter::handleAuth() should be compatible with AuthAny::handleAuth($config = Array) in /home3/sylvangr/public_html/suite.social/coder/share/connect/library/AuthAny/Provider/Twitter.php on line 310
[26-Aug-2017 13:15:31 UTC] PHP Strict Standards:  Declaration of AuthAny_Provider_Twitter::getAccessToken() should be compatible with AuthAny::getAccessToken($code, $config = Array) in /home3/sylvangr/public_html/suite.social/coder/share/connect/library/AuthAny/Provider/Twitter.php on line 310
[26-Aug-2017 13:15:31 UTC] PHP Warning:  Cannot modify header information - headers already sent by (output started at /home3/sylvangr/public_html/suite.social/coder/share/connect/index.php:1) in /home3/sylvangr/public_html/suite.social/coder/share/connect/library/AuthAny/Provider/Twitter.php on line 248
[26-Aug-2017 13:15:31 UTC] PHP Warning:  Cannot modify header information - headers already sent by (output started at /home3/sylvangr/public_html/suite.social/coder/share/connect/index.php:1) in /home3/sylvangr/public_html/suite.social/coder/share/connect/library/AuthAny/Provider/Twitter.php on line 249
[26-Aug-2017 13:15:31 UTC] PHP Warning:  Cannot modify header information - headers already sent by (output started at /home3/sylvangr/public_html/suite.social/coder/share/connect/index.php:1) in /home3/sylvangr/public_html/suite.social/coder/share/connect/library/AuthAny.php on line 423
[26-Aug-2017 13:15:31 UTC] PHP Notice:  Undefined index: product_banner in /home3/sylvangr/public_html/suite.social/coder/share/connect/index.php on line 1077
[26-Aug-2017 13:15:32 UTC] PHP Fatal error:  Call to a member function handleGet() on null in /home3/sylvangr/public_html/suite.social/coder/share/connect/library/AuthAny.php on line 158
[26-Aug-2017 13:19:42 UTC] PHP Strict Standards:  Declaration of AuthAny_Provider_Twitter::handleAuth() should be compatible with AuthAny::handleAuth($config = Array) in /home3/sylvangr/public_html/suite.social/coder/share/connect/library/AuthAny/Provider/Twitter.php on line 310
[26-Aug-2017 13:19:42 UTC] PHP Strict Standards:  Declaration of AuthAny_Provider_Twitter::getAccessToken() should be compatible with AuthAny::getAccessToken($code, $config = Array) in /home3/sylvangr/public_html/suite.social/coder/share/connect/library/AuthAny/Provider/Twitter.php on line 310
[26-Aug-2017 13:19:42 UTC] PHP Warning:  Cannot modify header information - headers already sent by (output started at /home3/sylvangr/public_html/suite.social/coder/share/connect/index.php:1) in /home3/sylvangr/public_html/suite.social/coder/share/connect/library/AuthAny/Provider/Twitter.php on line 248
[26-Aug-2017 13:19:42 UTC] PHP Warning:  Cannot modify header information - headers already sent by (output started at /home3/sylvangr/public_html/suite.social/coder/share/connect/index.php:1) in /home3/sylvangr/public_html/suite.social/coder/share/connect/library/AuthAny/Provider/Twitter.php on line 249
[26-Aug-2017 13:19:42 UTC] PHP Warning:  Cannot modify header information - headers already sent by (output started at /home3/sylvangr/public_html/suite.social/coder/share/connect/index.php:1) in /home3/sylvangr/public_html/suite.social/coder/share/connect/library/AuthAny.php on line 423
[26-Aug-2017 13:19:42 UTC] PHP Notice:  Undefined index: product_banner in /home3/sylvangr/public_html/suite.social/coder/share/connect/index.php on line 1077
[26-Aug-2017 13:19:44 UTC] PHP Fatal error:  Call to a member function handleGet() on null in /home3/sylvangr/public_html/suite.social/coder/share/connect/library/AuthAny.php on line 158
[26-Aug-2017 13:20:19 UTC] PHP Strict Standards:  Declaration of AuthAny_Provider_Twitter::handleAuth() should be compatible with AuthAny::handleAuth($config = Array) in /home3/sylvangr/public_html/suite.social/coder/share/connect/library/AuthAny/Provider/Twitter.php on line 310
[26-Aug-2017 13:20:19 UTC] PHP Strict Standards:  Declaration of AuthAny_Provider_Twitter::getAccessToken() should be compatible with AuthAny::getAccessToken($code, $config = Array) in /home3/sylvangr/public_html/suite.social/coder/share/connect/library/AuthAny/Provider/Twitter.php on line 310
[26-Aug-2017 13:20:19 UTC] PHP Warning:  Cannot modify header information - headers already sent by (output started at /home3/sylvangr/public_html/suite.social/coder/share/connect/index.php:1) in /home3/sylvangr/public_html/suite.social/coder/share/connect/library/AuthAny/Provider/Twitter.php on line 248
[26-Aug-2017 13:20:19 UTC] PHP Warning:  Cannot modify header information - headers already sent by (output started at /home3/sylvangr/public_html/suite.social/coder/share/connect/index.php:1) in /home3/sylvangr/public_html/suite.social/coder/share/connect/library/AuthAny/Provider/Twitter.php on line 249
[26-Aug-2017 13:20:19 UTC] PHP Warning:  Cannot modify header information - headers already sent by (output started at /home3/sylvangr/public_html/suite.social/coder/share/connect/index.php:1) in /home3/sylvangr/public_html/suite.social/coder/share/connect/library/AuthAny.php on line 423
[26-Aug-2017 13:20:19 UTC] PHP Notice:  Undefined index: product_banner in /home3/sylvangr/public_html/suite.social/coder/share/connect/index.php on line 1077
[26-Aug-2017 13:20:20 UTC] PHP Fatal error:  Call to a member function handleGet() on null in /home3/sylvangr/public_html/suite.social/coder/share/connect/library/AuthAny.php on line 158
[26-Aug-2017 13:20:25 UTC] PHP Warning:  Cannot modify header information - headers already sent by (output started at /home3/sylvangr/public_html/suite.social/coder/share/connect/index.php:1) in /home3/sylvangr/public_html/suite.social/coder/share/connect/index.php on line 88
[26-Aug-2017 13:20:25 UTC] PHP Warning:  Cannot modify header information - headers already sent by (output started at /home3/sylvangr/public_html/suite.social/coder/share/connect/index.php:1) in /home3/sylvangr/public_html/suite.social/coder/share/connect/index.php on line 89
[26-Aug-2017 13:20:25 UTC] PHP Warning:  Cannot modify header information - headers already sent by (output started at /home3/sylvangr/public_html/suite.social/coder/share/connect/index.php:1) in /home3/sylvangr/public_html/suite.social/coder/share/connect/index.php on line 90
[26-Aug-2017 13:20:25 UTC] PHP Warning:  Cannot modify header information - headers already sent by (output started at /home3/sylvangr/public_html/suite.social/coder/share/connect/index.php:1) in /home3/sylvangr/public_html/suite.social/coder/share/connect/index.php on line 92
[26-Aug-2017 13:20:41 UTC] PHP Strict Standards:  Declaration of AuthAny_Provider_Facebook::handleAuth() should be compatible with AuthAny::handleAuth($config = Array) in /home3/sylvangr/public_html/suite.social/coder/share/connect/library/AuthAny/Provider/Facebook.php on line 193
[26-Aug-2017 13:20:41 UTC] PHP Strict Standards:  Declaration of AuthAny_Provider_Facebook::getAccessToken() should be compatible with AuthAny::getAccessToken($code, $config = Array) in /home3/sylvangr/public_html/suite.social/coder/share/connect/library/AuthAny/Provider/Facebook.php on line 193
[26-Aug-2017 13:20:41 UTC] PHP Warning:  Cannot modify header information - headers already sent by (output started at /home3/sylvangr/public_html/suite.social/coder/share/connect/index.php:1) in /home3/sylvangr/public_html/suite.social/coder/share/connect/library/AuthAny/Provider/Facebook.php on line 71
[26-Aug-2017 13:20:53 UTC] PHP Strict Standards:  Declaration of AuthAny_Provider_Facebook::handleAuth() should be compatible with AuthAny::handleAuth($config = Array) in /home3/sylvangr/public_html/suite.social/coder/share/connect/library/AuthAny/Provider/Facebook.php on line 193
[26-Aug-2017 13:20:53 UTC] PHP Strict Standards:  Declaration of AuthAny_Provider_Facebook::getAccessToken() should be compatible with AuthAny::getAccessToken($code, $config = Array) in /home3/sylvangr/public_html/suite.social/coder/share/connect/library/AuthAny/Provider/Facebook.php on line 193
[26-Aug-2017 13:20:53 UTC] PHP Warning:  Cannot modify header information - headers already sent by (output started at /home3/sylvangr/public_html/suite.social/coder/share/connect/index.php:1) in /home3/sylvangr/public_html/suite.social/coder/share/connect/library/AuthAny/Provider/Facebook.php on line 71
[26-Aug-2017 13:21:09 UTC] PHP Strict Standards:  Declaration of AuthAny_Provider_Facebook::handleAuth() should be compatible with AuthAny::handleAuth($config = Array) in /home3/sylvangr/public_html/suite.social/coder/share/connect/library/AuthAny/Provider/Facebook.php on line 193
[26-Aug-2017 13:21:09 UTC] PHP Strict Standards:  Declaration of AuthAny_Provider_Facebook::getAccessToken() should be compatible with AuthAny::getAccessToken($code, $config = Array) in /home3/sylvangr/public_html/suite.social/coder/share/connect/library/AuthAny/Provider/Facebook.php on line 193
[26-Aug-2017 13:21:09 UTC] PHP Warning:  Cannot modify header information - headers already sent by (output started at /home3/sylvangr/public_html/suite.social/coder/share/connect/index.php:1) in /home3/sylvangr/public_html/suite.social/coder/share/connect/library/AuthAny/Provider/Facebook.php on line 71
[26-Aug-2017 13:22:11 UTC] PHP Strict Standards:  Declaration of AuthAny_Provider_Facebook::handleAuth() should be compatible with AuthAny::handleAuth($config = Array) in /home3/sylvangr/public_html/suite.social/coder/share/connect/library/AuthAny/Provider/Facebook.php on line 193
[26-Aug-2017 13:22:11 UTC] PHP Strict Standards:  Declaration of AuthAny_Provider_Facebook::getAccessToken() should be compatible with AuthAny::getAccessToken($code, $config = Array) in /home3/sylvangr/public_html/suite.social/coder/share/connect/library/AuthAny/Provider/Facebook.php on line 193
[26-Aug-2017 13:22:11 UTC] PHP Warning:  Cannot modify header information - headers already sent by (output started at /home3/sylvangr/public_html/suite.social/coder/share/connect/index.php:1) in /home3/sylvangr/public_html/suite.social/coder/share/connect/library/AuthAny/Provider/Facebook.php on line 71
[26-Aug-2017 13:23:05 UTC] PHP Strict Standards:  Declaration of AuthAny_Provider_Facebook::handleAuth() should be compatible with AuthAny::handleAuth($config = Array) in /home3/sylvangr/public_html/suite.social/coder/share/connect/library/AuthAny/Provider/Facebook.php on line 193
[26-Aug-2017 13:23:05 UTC] PHP Strict Standards:  Declaration of AuthAny_Provider_Facebook::getAccessToken() should be compatible with AuthAny::getAccessToken($code, $config = Array) in /home3/sylvangr/public_html/suite.social/coder/share/connect/library/AuthAny/Provider/Facebook.php on line 193
[26-Aug-2017 13:23:05 UTC] PHP Warning:  Cannot modify header information - headers already sent by (output started at /home3/sylvangr/public_html/suite.social/coder/share/connect/index.php:1) in /home3/sylvangr/public_html/suite.social/coder/share/connect/library/AuthAny/Provider/Facebook.php on line 71
[26-Aug-2017 13:24:36 UTC] PHP Strict Standards:  Declaration of AuthAny_Provider_Facebook::handleAuth() should be compatible with AuthAny::handleAuth($config = Array) in /home3/sylvangr/public_html/suite.social/coder/share/connect/library/AuthAny/Provider/Facebook.php on line 193
[26-Aug-2017 13:24:36 UTC] PHP Strict Standards:  Declaration of AuthAny_Provider_Facebook::getAccessToken() should be compatible with AuthAny::getAccessToken($code, $config = Array) in /home3/sylvangr/public_html/suite.social/coder/share/connect/library/AuthAny/Provider/Facebook.php on line 193
[26-Aug-2017 13:24:36 UTC] PHP Warning:  Cannot modify header information - headers already sent by (output started at /home3/sylvangr/public_html/suite.social/coder/share/connect/index.php:1) in /home3/sylvangr/public_html/suite.social/coder/share/connect/library/AuthAny/Provider/Facebook.php on line 71
[26-Aug-2017 13:25:10 UTC] PHP Strict Standards:  Declaration of AuthAny_Provider_Facebook::handleAuth() should be compatible with AuthAny::handleAuth($config = Array) in /home3/sylvangr/public_html/suite.social/coder/share/connect/library/AuthAny/Provider/Facebook.php on line 193
[26-Aug-2017 13:25:10 UTC] PHP Strict Standards:  Declaration of AuthAny_Provider_Facebook::getAccessToken() should be compatible with AuthAny::getAccessToken($code, $config = Array) in /home3/sylvangr/public_html/suite.social/coder/share/connect/library/AuthAny/Provider/Facebook.php on line 193
[26-Aug-2017 13:25:10 UTC] PHP Warning:  Cannot modify header information - headers already sent by (output started at /home3/sylvangr/public_html/suite.social/coder/share/connect/index.php:1) in /home3/sylvangr/public_html/suite.social/coder/share/connect/library/AuthAny/Provider/Facebook.php on line 71
[26-Aug-2017 13:25:20 UTC] PHP Strict Standards:  Declaration of AuthAny_Provider_Facebook::handleAuth() should be compatible with AuthAny::handleAuth($config = Array) in /home3/sylvangr/public_html/suite.social/coder/share/connect/library/AuthAny/Provider/Facebook.php on line 193
[26-Aug-2017 13:25:20 UTC] PHP Strict Standards:  Declaration of AuthAny_Provider_Facebook::getAccessToken() should be compatible with AuthAny::getAccessToken($code, $config = Array) in /home3/sylvangr/public_html/suite.social/coder/share/connect/library/AuthAny/Provider/Facebook.php on line 193
[26-Aug-2017 13:25:20 UTC] PHP Warning:  Cannot modify header information - headers already sent by (output started at /home3/sylvangr/public_html/suite.social/coder/share/connect/index.php:1) in /home3/sylvangr/public_html/suite.social/coder/share/connect/library/AuthAny/Provider/Facebook.php on line 71
[26-Aug-2017 13:26:12 UTC] PHP Strict Standards:  Declaration of AuthAny_Provider_Facebook::handleAuth() should be compatible with AuthAny::handleAuth($config = Array) in /home3/sylvangr/public_html/suite.social/coder/share/connect/library/AuthAny/Provider/Facebook.php on line 193
[26-Aug-2017 13:26:12 UTC] PHP Strict Standards:  Declaration of AuthAny_Provider_Facebook::getAccessToken() should be compatible with AuthAny::getAccessToken($code, $config = Array) in /home3/sylvangr/public_html/suite.social/coder/share/connect/library/AuthAny/Provider/Facebook.php on line 193
[26-Aug-2017 13:26:12 UTC] PHP Warning:  Cannot modify header information - headers already sent by (output started at /home3/sylvangr/public_html/suite.social/coder/share/connect/index.php:1) in /home3/sylvangr/public_html/suite.social/coder/share/connect/library/AuthAny/Provider/Facebook.php on line 71
[26-Aug-2017 13:26:35 UTC] PHP Strict Standards:  Declaration of AuthAny_Provider_Facebook::handleAuth() should be compatible with AuthAny::handleAuth($config = Array) in /home3/sylvangr/public_html/suite.social/coder/share/connect/library/AuthAny/Provider/Facebook.php on line 193
[26-Aug-2017 13:26:35 UTC] PHP Strict Standards:  Declaration of AuthAny_Provider_Facebook::getAccessToken() should be compatible with AuthAny::getAccessToken($code, $config = Array) in /home3/sylvangr/public_html/suite.social/coder/share/connect/library/AuthAny/Provider/Facebook.php on line 193
[26-Aug-2017 13:26:35 UTC] PHP Warning:  Cannot modify header information - headers already sent by (output started at /home3/sylvangr/public_html/suite.social/coder/share/connect/index.php:1) in /home3/sylvangr/public_html/suite.social/coder/share/connect/library/AuthAny/Provider/Facebook.php on line 71
[26-Aug-2017 13:27:03 UTC] PHP Strict Standards:  Declaration of AuthAny_Provider_Googleplus::handleAuth() should be compatible with AuthAny::handleAuth($config = Array) in /home3/sylvangr/public_html/suite.social/coder/share/connect/library/AuthAny/Provider/Googleplus.php on line 228
[26-Aug-2017 13:27:03 UTC] PHP Strict Standards:  Declaration of AuthAny_Provider_Googleplus::getAccessToken() should be compatible with AuthAny::getAccessToken($code, $config = Array) in /home3/sylvangr/public_html/suite.social/coder/share/connect/library/AuthAny/Provider/Googleplus.php on line 228
[26-Aug-2017 13:27:03 UTC] PHP Warning:  Cannot modify header information - headers already sent by (output started at /home3/sylvangr/public_html/suite.social/coder/share/connect/index.php:1) in /home3/sylvangr/public_html/suite.social/coder/share/connect/library/AuthAny/Provider/Googleplus.php on line 73
[26-Aug-2017 13:27:16 UTC] PHP Strict Standards:  Declaration of AuthAny_Provider_Googleplus::handleAuth() should be compatible with AuthAny::handleAuth($config = Array) in /home3/sylvangr/public_html/suite.social/coder/share/connect/library/AuthAny/Provider/Googleplus.php on line 228
[26-Aug-2017 13:27:16 UTC] PHP Strict Standards:  Declaration of AuthAny_Provider_Googleplus::getAccessToken() should be compatible with AuthAny::getAccessToken($code, $config = Array) in /home3/sylvangr/public_html/suite.social/coder/share/connect/library/AuthAny/Provider/Googleplus.php on line 228
[26-Aug-2017 13:27:17 UTC] PHP Warning:  Cannot modify header information - headers already sent by (output started at /home3/sylvangr/public_html/suite.social/coder/share/connect/index.php:1) in /home3/sylvangr/public_html/suite.social/coder/share/connect/library/AuthAny/Provider/Googleplus.php on line 73
[26-Aug-2017 13:27:41 UTC] PHP Strict Standards:  Declaration of AuthAny_Provider_Youtube::handleAuth() should be compatible with AuthAny::handleAuth($config = Array) in /home3/sylvangr/public_html/suite.social/coder/share/connect/library/AuthAny/Provider/Youtube.php on line 194
[26-Aug-2017 13:27:41 UTC] PHP Strict Standards:  Declaration of AuthAny_Provider_Youtube::getAccessToken() should be compatible with AuthAny::getAccessToken($code, $config = Array) in /home3/sylvangr/public_html/suite.social/coder/share/connect/library/AuthAny/Provider/Youtube.php on line 194
[26-Aug-2017 13:27:41 UTC] PHP Warning:  Cannot modify header information - headers already sent by (output started at /home3/sylvangr/public_html/suite.social/coder/share/connect/index.php:1) in /home3/sylvangr/public_html/suite.social/coder/share/connect/library/AuthAny/Provider/Youtube.php on line 76
[26-Aug-2017 13:27:48 UTC] PHP Strict Standards:  Declaration of AuthAny_Provider_Twitter::handleAuth() should be compatible with AuthAny::handleAuth($config = Array) in /home3/sylvangr/public_html/suite.social/coder/share/connect/library/AuthAny/Provider/Twitter.php on line 310
[26-Aug-2017 13:27:48 UTC] PHP Strict Standards:  Declaration of AuthAny_Provider_Twitter::getAccessToken() should be compatible with AuthAny::getAccessToken($code, $config = Array) in /home3/sylvangr/public_html/suite.social/coder/share/connect/library/AuthAny/Provider/Twitter.php on line 310
[26-Aug-2017 13:27:48 UTC] PHP Warning:  Cannot modify header information - headers already sent by (output started at /home3/sylvangr/public_html/suite.social/coder/share/connect/index.php:1) in /home3/sylvangr/public_html/suite.social/coder/share/connect/library/AuthAny/Provider/Twitter.php on line 115
[26-Aug-2017 13:29:14 UTC] PHP Strict Standards:  Declaration of AuthAny_Provider_Twitter::handleAuth() should be compatible with AuthAny::handleAuth($config = Array) in /home3/sylvangr/public_html/suite.social/coder/share/connect/library/AuthAny/Provider/Twitter.php on line 310
[26-Aug-2017 13:29:14 UTC] PHP Strict Standards:  Declaration of AuthAny_Provider_Twitter::getAccessToken() should be compatible with AuthAny::getAccessToken($code, $config = Array) in /home3/sylvangr/public_html/suite.social/coder/share/connect/library/AuthAny/Provider/Twitter.php on line 310
[26-Aug-2017 13:29:14 UTC] PHP Warning:  Cannot modify header information - headers already sent by (output started at /home3/sylvangr/public_html/suite.social/coder/share/connect/index.php:1) in /home3/sylvangr/public_html/suite.social/coder/share/connect/library/AuthAny/Provider/Twitter.php on line 115
[26-Aug-2017 13:31:44 UTC] PHP Strict Standards:  Declaration of AuthAny_Provider_Youtube::handleAuth() should be compatible with AuthAny::handleAuth($config = Array) in /home3/sylvangr/public_html/suite.social/coder/share/connect/library/AuthAny/Provider/Youtube.php on line 194
[26-Aug-2017 13:31:44 UTC] PHP Strict Standards:  Declaration of AuthAny_Provider_Youtube::getAccessToken() should be compatible with AuthAny::getAccessToken($code, $config = Array) in /home3/sylvangr/public_html/suite.social/coder/share/connect/library/AuthAny/Provider/Youtube.php on line 194
[26-Aug-2017 13:32:06 UTC] PHP Strict Standards:  Declaration of AuthAny_Provider_Youtube::handleAuth() should be compatible with AuthAny::handleAuth($config = Array) in /home3/sylvangr/public_html/suite.social/coder/share/connect/library/AuthAny/Provider/Youtube.php on line 194
[26-Aug-2017 13:32:06 UTC] PHP Strict Standards:  Declaration of AuthAny_Provider_Youtube::getAccessToken() should be compatible with AuthAny::getAccessToken($code, $config = Array) in /home3/sylvangr/public_html/suite.social/coder/share/connect/library/AuthAny/Provider/Youtube.php on line 194
[26-Aug-2017 13:32:07 UTC] PHP Notice:  Undefined index: product_banner in /home3/sylvangr/public_html/suite.social/coder/share/connect/index.php on line 1077
[26-Aug-2017 13:32:08 UTC] PHP Notice:  Undefined index: product_banner in /home3/sylvangr/public_html/suite.social/coder/share/connect/index.php on line 1077
[26-Aug-2017 13:33:30 UTC] PHP Notice:  Undefined index: product_banner in /home3/sylvangr/public_html/suite.social/coder/share/connect/index.php on line 1077
[26-Aug-2017 13:33:52 UTC] PHP Strict Standards:  Declaration of AuthAny_Provider_Facebook::handleAuth() should be compatible with AuthAny::handleAuth($config = Array) in /home3/sylvangr/public_html/suite.social/coder/share/connect/library/AuthAny/Provider/Facebook.php on line 193
[26-Aug-2017 13:33:52 UTC] PHP Strict Standards:  Declaration of AuthAny_Provider_Facebook::getAccessToken() should be compatible with AuthAny::getAccessToken($code, $config = Array) in /home3/sylvangr/public_html/suite.social/coder/share/connect/library/AuthAny/Provider/Facebook.php on line 193
[26-Aug-2017 13:38:28 UTC] PHP Strict Standards:  Declaration of AuthAny_Provider_Facebook::handleAuth() should be compatible with AuthAny::handleAuth($config = Array) in /home3/sylvangr/public_html/suite.social/coder/share/connect/library/AuthAny/Provider/Facebook.php on line 193
[26-Aug-2017 13:38:28 UTC] PHP Strict Standards:  Declaration of AuthAny_Provider_Facebook::getAccessToken() should be compatible with AuthAny::getAccessToken($code, $config = Array) in /home3/sylvangr/public_html/suite.social/coder/share/connect/library/AuthAny/Provider/Facebook.php on line 193
[26-Aug-2017 13:38:31 UTC] PHP Notice:  facebook login error:  array (
  'error' => 
  array (
    'message' => 'Error validating access token: This may be because the user logged out or may be due to a system error.',
    'type' => 'OAuthException',
    'code' => 190,
    'error_subcode' => 467,
    'fbtrace_id' => 'ATYzpFvDCnS',
  ),
) in /home3/sylvangr/public_html/suite.social/coder/share/connect/library/AuthAny/Provider/Facebook.php on line 125
[26-Aug-2017 13:39:02 UTC] PHP Strict Standards:  Declaration of AuthAny_Provider_Facebook::handleAuth() should be compatible with AuthAny::handleAuth($config = Array) in /home3/sylvangr/public_html/suite.social/coder/share/connect/library/AuthAny/Provider/Facebook.php on line 193
[26-Aug-2017 13:39:02 UTC] PHP Strict Standards:  Declaration of AuthAny_Provider_Facebook::getAccessToken() should be compatible with AuthAny::getAccessToken($code, $config = Array) in /home3/sylvangr/public_html/suite.social/coder/share/connect/library/AuthAny/Provider/Facebook.php on line 193
[26-Aug-2017 13:39:02 UTC] PHP Notice:  facebook login error:  array (
  'error' => 
  array (
    'message' => 'Error validating access token: This may be because the user logged out or may be due to a system error.',
    'type' => 'OAuthException',
    'code' => 190,
    'error_subcode' => 467,
    'fbtrace_id' => 'C3JuOXBaXTL',
  ),
) in /home3/sylvangr/public_html/suite.social/coder/share/connect/library/AuthAny/Provider/Facebook.php on line 125
[26-Aug-2017 13:39:23 UTC] PHP Strict Standards:  Declaration of AuthAny_Provider_Facebook::handleAuth() should be compatible with AuthAny::handleAuth($config = Array) in /home3/sylvangr/public_html/suite.social/coder/share/connect/library/AuthAny/Provider/Facebook.php on line 193
[26-Aug-2017 13:39:23 UTC] PHP Strict Standards:  Declaration of AuthAny_Provider_Facebook::getAccessToken() should be compatible with AuthAny::getAccessToken($code, $config = Array) in /home3/sylvangr/public_html/suite.social/coder/share/connect/library/AuthAny/Provider/Facebook.php on line 193
[26-Aug-2017 13:39:27 UTC] PHP Notice:  facebook login error:  array (
  'error' => 
  array (
    'message' => 'An unexpected error has occurred. Please retry your request later.',
    'type' => 'OAuthException',
    'is_transient' => true,
    'code' => 2,
    'fbtrace_id' => 'D1g7zd3ArVV',
  ),
) in /home3/sylvangr/public_html/suite.social/coder/share/connect/library/AuthAny/Provider/Facebook.php on line 125
[26-Aug-2017 13:41:02 UTC] PHP Strict Standards:  Declaration of AuthAny_Provider_Googleplus::handleAuth() should be compatible with AuthAny::handleAuth($config = Array) in /home3/sylvangr/public_html/suite.social/coder/share/connect/library/AuthAny/Provider/Googleplus.php on line 228
[26-Aug-2017 13:41:02 UTC] PHP Strict Standards:  Declaration of AuthAny_Provider_Googleplus::getAccessToken() should be compatible with AuthAny::getAccessToken($code, $config = Array) in /home3/sylvangr/public_html/suite.social/coder/share/connect/library/AuthAny/Provider/Googleplus.php on line 228
[26-Aug-2017 13:41:15 UTC] PHP Strict Standards:  Declaration of AuthAny_Provider_Googleplus::handleAuth() should be compatible with AuthAny::handleAuth($config = Array) in /home3/sylvangr/public_html/suite.social/coder/share/connect/library/AuthAny/Provider/Googleplus.php on line 228
[26-Aug-2017 13:41:15 UTC] PHP Strict Standards:  Declaration of AuthAny_Provider_Googleplus::getAccessToken() should be compatible with AuthAny::getAccessToken($code, $config = Array) in /home3/sylvangr/public_html/suite.social/coder/share/connect/library/AuthAny/Provider/Googleplus.php on line 228
[26-Aug-2017 13:41:16 UTC] PHP Notice:  Undefined index: product_banner in /home3/sylvangr/public_html/suite.social/coder/share/connect/index.php on line 1077
[26-Aug-2017 13:41:16 UTC] PHP Notice:  Undefined index: product_banner in /home3/sylvangr/public_html/suite.social/coder/share/connect/index.php on line 1077
[26-Aug-2017 13:42:20 UTC] PHP Notice:  Undefined index: product_banner in /home3/sylvangr/public_html/suite.social/coder/share/connect/index.php on line 1077
[26-Aug-2017 13:42:25 UTC] PHP Notice:  Undefined index: product_banner in /home3/sylvangr/public_html/suite.social/coder/share/connect/index.php on line 1077
[26-Aug-2017 13:42:39 UTC] PHP Strict Standards:  Declaration of AuthAny_Provider_Linkedin::handleAuth() should be compatible with AuthAny::handleAuth($config = Array) in /home3/sylvangr/public_html/suite.social/coder/share/connect/library/AuthAny/Provider/Linkedin.php on line 213
[26-Aug-2017 13:42:39 UTC] PHP Strict Standards:  Declaration of AuthAny_Provider_Linkedin::getAccessToken() should be compatible with AuthAny::getAccessToken($code, $config = Array) in /home3/sylvangr/public_html/suite.social/coder/share/connect/library/AuthAny/Provider/Linkedin.php on line 213
[26-Aug-2017 13:42:45 UTC] PHP Strict Standards:  Declaration of AuthAny_Provider_Linkedin::handleAuth() should be compatible with AuthAny::handleAuth($config = Array) in /home3/sylvangr/public_html/suite.social/coder/share/connect/library/AuthAny/Provider/Linkedin.php on line 213
[26-Aug-2017 13:42:45 UTC] PHP Strict Standards:  Declaration of AuthAny_Provider_Linkedin::getAccessToken() should be compatible with AuthAny::getAccessToken($code, $config = Array) in /home3/sylvangr/public_html/suite.social/coder/share/connect/library/AuthAny/Provider/Linkedin.php on line 213
[26-Aug-2017 13:42:47 UTC] PHP Notice:  Undefined index: username in /home3/sylvangr/public_html/suite.social/coder/share/connect/index.php on line 116
[26-Aug-2017 13:42:47 UTC] PHP Notice:  Undefined index: product_banner in /home3/sylvangr/public_html/suite.social/coder/share/connect/index.php on line 1077
[26-Aug-2017 13:42:48 UTC] PHP Notice:  Undefined index: username in /home3/sylvangr/public_html/suite.social/coder/share/connect/index.php on line 116
[26-Aug-2017 13:42:48 UTC] PHP Notice:  Undefined index: product_banner in /home3/sylvangr/public_html/suite.social/coder/share/connect/index.php on line 1077
[26-Aug-2017 13:43:33 UTC] PHP Notice:  Undefined index: username in /home3/sylvangr/public_html/suite.social/coder/share/connect/index.php on line 116
[26-Aug-2017 13:43:33 UTC] PHP Notice:  Undefined index: product_banner in /home3/sylvangr/public_html/suite.social/coder/share/connect/index.php on line 1077
[26-Aug-2017 13:43:39 UTC] PHP Notice:  Undefined index: username in /home3/sylvangr/public_html/suite.social/coder/share/connect/index.php on line 116
[26-Aug-2017 13:43:39 UTC] PHP Notice:  Undefined index: product_banner in /home3/sylvangr/public_html/suite.social/coder/share/connect/index.php on line 1077
[26-Aug-2017 16:35:55 UTC] PHP Notice:  facebook login error:  array (
  'error' => 
  array (
    'message' => '(#100) Tried accessing nonexisting field (public_profile) on node type (User)',
    'type' => 'OAuthException',
    'code' => 100,
    'fbtrace_id' => 'G+6mGLChruA',
  ),
  'network' => 'facebook',
) in /home3/sylvangr/public_html/suite.social/coder/share/connect/library/AuthAny/Provider/Facebook.php on line 120
[26-Aug-2017 16:37:00 UTC] PHP Notice:  facebook login error:  array (
  'error' => 
  array (
    'message' => '(#100) Tried accessing nonexisting field (public_profile) on node type (User)',
    'type' => 'OAuthException',
    'code' => 100,
    'fbtrace_id' => 'A8+jHJD8W2K',
  ),
  'network' => 'facebook',
) in /home3/sylvangr/public_html/suite.social/coder/share/connect/library/AuthAny/Provider/Facebook.php on line 120
[26-Aug-2017 16:37:26 UTC] PHP Strict Standards:  Declaration of AuthAny_Provider_Twitter::handleAuth() should be compatible with AuthAny::handleAuth($config = Array) in /home3/sylvangr/public_html/suite.social/coder/share/connect/library/AuthAny/Provider/Twitter.php on line 320
[26-Aug-2017 16:37:26 UTC] PHP Strict Standards:  Declaration of AuthAny_Provider_Twitter::getAccessToken() should be compatible with AuthAny::getAccessToken($code, $config = Array) in /home3/sylvangr/public_html/suite.social/coder/share/connect/library/AuthAny/Provider/Twitter.php on line 320
[26-Aug-2017 16:37:26 UTC] PHP Notice:  Undefined property: stdClass::$screen_name in /home3/sylvangr/public_html/suite.social/coder/share/connect/library/AuthAny/Provider/Twitter.php on line 278
[26-Aug-2017 16:37:26 UTC] PHP Notice:  twitter login error:  array (
  'network' => 'twitter',
) in /home3/sylvangr/public_html/suite.social/coder/share/connect/library/AuthAny/Provider/Twitter.php on line 196
[26-Aug-2017 16:37:44 UTC] PHP Strict Standards:  Declaration of AuthAny_Provider_Googleplus::handleAuth() should be compatible with AuthAny::handleAuth($config = Array) in /home3/sylvangr/public_html/suite.social/coder/share/connect/library/AuthAny/Provider/Googleplus.php on line 224
[26-Aug-2017 16:37:44 UTC] PHP Strict Standards:  Declaration of AuthAny_Provider_Googleplus::getAccessToken() should be compatible with AuthAny::getAccessToken($code, $config = Array) in /home3/sylvangr/public_html/suite.social/coder/share/connect/library/AuthAny/Provider/Googleplus.php on line 224
[26-Aug-2017 16:37:45 UTC] PHP Strict Standards:  Declaration of AuthAny_Provider_Googleplus::handleAuth() should be compatible with AuthAny::handleAuth($config = Array) in /home3/sylvangr/public_html/suite.social/coder/share/connect/library/AuthAny/Provider/Googleplus.php on line 224
[26-Aug-2017 16:37:45 UTC] PHP Strict Standards:  Declaration of AuthAny_Provider_Googleplus::getAccessToken() should be compatible with AuthAny::getAccessToken($code, $config = Array) in /home3/sylvangr/public_html/suite.social/coder/share/connect/library/AuthAny/Provider/Googleplus.php on line 224
[26-Aug-2017 16:37:46 UTC] PHP Notice:  Undefined index: product_banner in /home3/sylvangr/public_html/suite.social/coder/share/connect/index.php on line 1077
[26-Aug-2017 16:37:47 UTC] PHP Notice:  Undefined index: product_banner in /home3/sylvangr/public_html/suite.social/coder/share/connect/index.php on line 1077
[26-Aug-2017 16:38:40 UTC] PHP Strict Standards:  Declaration of AuthAny_Provider_Linkedin::handleAuth() should be compatible with AuthAny::handleAuth($config = Array) in /home3/sylvangr/public_html/suite.social/coder/share/connect/library/AuthAny/Provider/Linkedin.php on line 238
[26-Aug-2017 16:38:40 UTC] PHP Strict Standards:  Declaration of AuthAny_Provider_Linkedin::getAccessToken() should be compatible with AuthAny::getAccessToken($code, $config = Array) in /home3/sylvangr/public_html/suite.social/coder/share/connect/library/AuthAny/Provider/Linkedin.php on line 238
[26-Aug-2017 16:38:45 UTC] PHP Strict Standards:  Declaration of AuthAny_Provider_Linkedin::handleAuth() should be compatible with AuthAny::handleAuth($config = Array) in /home3/sylvangr/public_html/suite.social/coder/share/connect/library/AuthAny/Provider/Linkedin.php on line 238
[26-Aug-2017 16:38:45 UTC] PHP Strict Standards:  Declaration of AuthAny_Provider_Linkedin::getAccessToken() should be compatible with AuthAny::getAccessToken($code, $config = Array) in /home3/sylvangr/public_html/suite.social/coder/share/connect/library/AuthAny/Provider/Linkedin.php on line 238
[26-Aug-2017 16:41:04 UTC] PHP Strict Standards:  Declaration of AuthAny_Provider_Linkedin::handleAuth() should be compatible with AuthAny::handleAuth($config = Array) in /home3/sylvangr/public_html/suite.social/coder/share/connect/library/AuthAny/Provider/Linkedin.php on line 238
[26-Aug-2017 16:41:04 UTC] PHP Strict Standards:  Declaration of AuthAny_Provider_Linkedin::getAccessToken() should be compatible with AuthAny::getAccessToken($code, $config = Array) in /home3/sylvangr/public_html/suite.social/coder/share/connect/library/AuthAny/Provider/Linkedin.php on line 238
[26-Aug-2017 16:41:06 UTC] PHP Strict Standards:  Declaration of AuthAny_Provider_Linkedin::handleAuth() should be compatible with AuthAny::handleAuth($config = Array) in /home3/sylvangr/public_html/suite.social/coder/share/connect/library/AuthAny/Provider/Linkedin.php on line 238
[26-Aug-2017 16:41:06 UTC] PHP Strict Standards:  Declaration of AuthAny_Provider_Linkedin::getAccessToken() should be compatible with AuthAny::getAccessToken($code, $config = Array) in /home3/sylvangr/public_html/suite.social/coder/share/connect/library/AuthAny/Provider/Linkedin.php on line 238
[26-Aug-2017 16:41:07 UTC] PHP Notice:  Undefined index: username in /home3/sylvangr/public_html/suite.social/coder/share/connect/index.php on line 116
[26-Aug-2017 16:41:07 UTC] PHP Notice:  Undefined index: product_banner in /home3/sylvangr/public_html/suite.social/coder/share/connect/index.php on line 1077
[26-Aug-2017 16:41:08 UTC] PHP Notice:  Undefined index: username in /home3/sylvangr/public_html/suite.social/coder/share/connect/index.php on line 116
[26-Aug-2017 16:41:08 UTC] PHP Notice:  Undefined index: product_banner in /home3/sylvangr/public_html/suite.social/coder/share/connect/index.php on line 1077
[26-Aug-2017 16:42:48 UTC] PHP Notice:  Undefined index: username in /home3/sylvangr/public_html/suite.social/coder/share/connect/index.php on line 116
[26-Aug-2017 16:42:48 UTC] PHP Notice:  Undefined index: product_banner in /home3/sylvangr/public_html/suite.social/coder/share/connect/index.php on line 1077
[26-Aug-2017 16:43:25 UTC] PHP Strict Standards:  Declaration of AuthAny_Provider_Linkedin::handleAuth() should be compatible with AuthAny::handleAuth($config = Array) in /home3/sylvangr/public_html/suite.social/coder/share/connect/library/AuthAny/Provider/Linkedin.php on line 213
[26-Aug-2017 16:43:25 UTC] PHP Strict Standards:  Declaration of AuthAny_Provider_Linkedin::getAccessToken() should be compatible with AuthAny::getAccessToken($code, $config = Array) in /home3/sylvangr/public_html/suite.social/coder/share/connect/library/AuthAny/Provider/Linkedin.php on line 213
[26-Aug-2017 16:43:25 UTC] PHP Notice:  Undefined index: username in /home3/sylvangr/public_html/suite.social/coder/share/connect/index.php on line 116
[26-Aug-2017 16:43:25 UTC] PHP Notice:  Undefined index: product_banner in /home3/sylvangr/public_html/suite.social/coder/share/connect/index.php on line 1077
[26-Aug-2017 16:43:26 UTC] PHP Notice:  Undefined index: username in /home3/sylvangr/public_html/suite.social/coder/share/connect/index.php on line 116
[26-Aug-2017 16:43:26 UTC] PHP Notice:  Undefined index: product_banner in /home3/sylvangr/public_html/suite.social/coder/share/connect/index.php on line 1077
[26-Aug-2017 17:12:34 UTC] PHP Strict Standards:  Declaration of AuthAny_Provider_Linkedin::handleAuth() should be compatible with AuthAny::handleAuth($config = Array) in /home3/sylvangr/public_html/suite.social/coder/share/connect/library/AuthAny/Provider/Linkedin.php on line 238
[26-Aug-2017 17:12:34 UTC] PHP Strict Standards:  Declaration of AuthAny_Provider_Linkedin::getAccessToken() should be compatible with AuthAny::getAccessToken($code, $config = Array) in /home3/sylvangr/public_html/suite.social/coder/share/connect/library/AuthAny/Provider/Linkedin.php on line 238
[26-Aug-2017 17:12:35 UTC] PHP Notice:  Undefined index: username in /home3/sylvangr/public_html/suite.social/coder/share/connect/index.php on line 116
[26-Aug-2017 17:12:35 UTC] PHP Notice:  Undefined index: product_banner in /home3/sylvangr/public_html/suite.social/coder/share/connect/index.php on line 1077
[26-Aug-2017 17:12:36 UTC] PHP Notice:  Undefined index: username in /home3/sylvangr/public_html/suite.social/coder/share/connect/index.php on line 116
[26-Aug-2017 17:12:36 UTC] PHP Notice:  Undefined index: product_banner in /home3/sylvangr/public_html/suite.social/coder/share/connect/index.php on line 1077
[26-Aug-2017 17:13:11 UTC] PHP Notice:  facebook login error:  array (
  'error' => 
  array (
    'message' => '(#100) Tried accessing nonexisting field (public_profile) on node type (User)',
    'type' => 'OAuthException',
    'code' => 100,
    'fbtrace_id' => 'DUElI3ChQn3',
  ),
  'network' => 'facebook',
) in /home3/sylvangr/public_html/suite.social/coder/share/connect/library/AuthAny/Provider/Facebook.php on line 120
[26-Aug-2017 17:34:45 UTC] PHP Strict Standards:  Declaration of AuthAny_Provider_Linkedin::handleAuth() should be compatible with AuthAny::handleAuth($config = Array) in /home3/sylvangr/public_html/suite.social/coder/share/connect/library/AuthAny/Provider/Linkedin.php on line 238
[26-Aug-2017 17:34:45 UTC] PHP Strict Standards:  Declaration of AuthAny_Provider_Linkedin::getAccessToken() should be compatible with AuthAny::getAccessToken($code, $config = Array) in /home3/sylvangr/public_html/suite.social/coder/share/connect/library/AuthAny/Provider/Linkedin.php on line 238
[26-Aug-2017 17:34:46 UTC] PHP Notice:  Undefined index: username in /home3/sylvangr/public_html/suite.social/coder/share/connect/index.php on line 116
[26-Aug-2017 17:34:46 UTC] PHP Notice:  Undefined index: product_banner in /home3/sylvangr/public_html/suite.social/coder/share/connect/index.php on line 1077
[26-Aug-2017 17:34:46 UTC] PHP Notice:  Undefined index: username in /home3/sylvangr/public_html/suite.social/coder/share/connect/index.php on line 116
[26-Aug-2017 17:34:46 UTC] PHP Notice:  Undefined index: product_banner in /home3/sylvangr/public_html/suite.social/coder/share/connect/index.php on line 1077
[26-Aug-2017 17:41:23 UTC] PHP Warning:  Cannot modify header information - headers already sent by (output started at /home3/sylvangr/public_html/suite.social/coder/share/connect/index.php:1) in /home3/sylvangr/public_html/suite.social/coder/share/connect/index.php on line 88
[26-Aug-2017 17:41:23 UTC] PHP Warning:  Cannot modify header information - headers already sent by (output started at /home3/sylvangr/public_html/suite.social/coder/share/connect/index.php:1) in /home3/sylvangr/public_html/suite.social/coder/share/connect/index.php on line 89
[26-Aug-2017 17:41:23 UTC] PHP Warning:  Cannot modify header information - headers already sent by (output started at /home3/sylvangr/public_html/suite.social/coder/share/connect/index.php:1) in /home3/sylvangr/public_html/suite.social/coder/share/connect/index.php on line 90
[26-Aug-2017 17:41:23 UTC] PHP Warning:  Cannot modify header information - headers already sent by (output started at /home3/sylvangr/public_html/suite.social/coder/share/connect/index.php:1) in /home3/sylvangr/public_html/suite.social/coder/share/connect/index.php on line 92
[26-Aug-2017 17:45:24 UTC] PHP Strict Standards:  Declaration of AuthAny_Provider_Twitter::handleAuth() should be compatible with AuthAny::handleAuth($config = Array) in /home3/sylvangr/public_html/suite.social/coder/share/connect/library/AuthAny/Provider/Twitter.php on line 320
[26-Aug-2017 17:45:24 UTC] PHP Strict Standards:  Declaration of AuthAny_Provider_Twitter::getAccessToken() should be compatible with AuthAny::getAccessToken($code, $config = Array) in /home3/sylvangr/public_html/suite.social/coder/share/connect/library/AuthAny/Provider/Twitter.php on line 320
[26-Aug-2017 17:45:25 UTC] PHP Warning:  Cannot modify header information - headers already sent by (output started at /home3/sylvangr/public_html/suite.social/coder/share/connect/index.php:1) in /home3/sylvangr/public_html/suite.social/coder/share/connect/library/AuthAny/Provider/Twitter.php on line 111
[26-Aug-2017 17:46:17 UTC] PHP Strict Standards:  Declaration of AuthAny_Provider_Twitter::handleAuth() should be compatible with AuthAny::handleAuth($config = Array) in /home3/sylvangr/public_html/suite.social/coder/share/connect/library/AuthAny/Provider/Twitter.php on line 320
[26-Aug-2017 17:46:17 UTC] PHP Strict Standards:  Declaration of AuthAny_Provider_Twitter::getAccessToken() should be compatible with AuthAny::getAccessToken($code, $config = Array) in /home3/sylvangr/public_html/suite.social/coder/share/connect/library/AuthAny/Provider/Twitter.php on line 320
[26-Aug-2017 17:46:17 UTC] PHP Notice:  Undefined index: oauth_verifier in /home3/sylvangr/public_html/suite.social/coder/share/connect/library/AuthAny/Provider/Twitter.php on line 126
[26-Aug-2017 17:46:18 UTC] PHP Notice:  Undefined index: oauth_token in /home3/sylvangr/public_html/suite.social/coder/share/connect/library/Twitter.php on line 115
[26-Aug-2017 17:46:18 UTC] PHP Notice:  Undefined index: oauth_token_secret in /home3/sylvangr/public_html/suite.social/coder/share/connect/library/Twitter.php on line 115
[26-Aug-2017 17:46:18 UTC] PHP Warning:  Cannot modify header information - headers already sent by (output started at /home3/sylvangr/public_html/suite.social/coder/share/connect/index.php:1) in /home3/sylvangr/public_html/suite.social/coder/share/connect/library/AuthAny/Provider/Twitter.php on line 162
[26-Aug-2017 17:47:05 UTC] PHP Strict Standards:  Declaration of AuthAny_Provider_Twitter::handleAuth() should be compatible with AuthAny::handleAuth($config = Array) in /home3/sylvangr/public_html/suite.social/coder/share/connect/library/AuthAny/Provider/Twitter.php on line 320
[26-Aug-2017 17:47:05 UTC] PHP Strict Standards:  Declaration of AuthAny_Provider_Twitter::getAccessToken() should be compatible with AuthAny::getAccessToken($code, $config = Array) in /home3/sylvangr/public_html/suite.social/coder/share/connect/library/AuthAny/Provider/Twitter.php on line 320
[26-Aug-2017 17:47:05 UTC] PHP Notice:  Undefined index: request_token in /home3/sylvangr/public_html/suite.social/coder/share/connect/library/AuthAny/Provider/Twitter.php on line 123
[26-Aug-2017 17:47:05 UTC] PHP Notice:  Undefined index: request_token_secret in /home3/sylvangr/public_html/suite.social/coder/share/connect/library/AuthAny/Provider/Twitter.php on line 123
[26-Aug-2017 17:47:05 UTC] PHP Notice:  Undefined index: oauth_verifier in /home3/sylvangr/public_html/suite.social/coder/share/connect/library/AuthAny/Provider/Twitter.php on line 126
[26-Aug-2017 17:47:05 UTC] PHP Notice:  Undefined index: oauth_token in /home3/sylvangr/public_html/suite.social/coder/share/connect/library/Twitter.php on line 115
[26-Aug-2017 17:47:05 UTC] PHP Notice:  Undefined index: oauth_token_secret in /home3/sylvangr/public_html/suite.social/coder/share/connect/library/Twitter.php on line 115
[26-Aug-2017 17:47:52 UTC] PHP Strict Standards:  Declaration of AuthAny_Provider_Twitter::handleAuth() should be compatible with AuthAny::handleAuth($config = Array) in /home3/sylvangr/public_html/suite.social/coder/share/connect/library/AuthAny/Provider/Twitter.php on line 320
[26-Aug-2017 17:47:52 UTC] PHP Strict Standards:  Declaration of AuthAny_Provider_Twitter::getAccessToken() should be compatible with AuthAny::getAccessToken($code, $config = Array) in /home3/sylvangr/public_html/suite.social/coder/share/connect/library/AuthAny/Provider/Twitter.php on line 320
[26-Aug-2017 17:47:52 UTC] PHP Notice:  Undefined index: request_token in /home3/sylvangr/public_html/suite.social/coder/share/connect/library/AuthAny/Provider/Twitter.php on line 123
[26-Aug-2017 17:47:52 UTC] PHP Notice:  Undefined index: request_token_secret in /home3/sylvangr/public_html/suite.social/coder/share/connect/library/AuthAny/Provider/Twitter.php on line 123
[26-Aug-2017 17:47:52 UTC] PHP Notice:  Undefined index: oauth_verifier in /home3/sylvangr/public_html/suite.social/coder/share/connect/library/AuthAny/Provider/Twitter.php on line 126
[26-Aug-2017 17:47:53 UTC] PHP Notice:  Undefined index: oauth_token in /home3/sylvangr/public_html/suite.social/coder/share/connect/library/Twitter.php on line 115
[26-Aug-2017 17:47:53 UTC] PHP Notice:  Undefined index: oauth_token_secret in /home3/sylvangr/public_html/suite.social/coder/share/connect/library/Twitter.php on line 115
[26-Aug-2017 20:31:06 UTC] PHP Notice:  Undefined variable: webisite in /home3/sylvangr/public_html/suite.social/coder/share/connect/index.php on line 516
[26-Aug-2017 20:31:06 UTC] PHP Notice:  Undefined variable: webisite in /home3/sylvangr/public_html/suite.social/coder/share/connect/index.php on line 613
[26-Aug-2017 20:34:58 UTC] PHP Strict Standards:  Declaration of AuthAny_Provider_Linkedin::handleAuth() should be compatible with AuthAny::handleAuth($config = Array) in /home3/sylvangr/public_html/suite.social/coder/share/connect/library/AuthAny/Provider/Linkedin.php on line 238
[26-Aug-2017 20:34:58 UTC] PHP Strict Standards:  Declaration of AuthAny_Provider_Linkedin::getAccessToken() should be compatible with AuthAny::getAccessToken($code, $config = Array) in /home3/sylvangr/public_html/suite.social/coder/share/connect/library/AuthAny/Provider/Linkedin.php on line 238
[26-Aug-2017 20:35:00 UTC] PHP Warning:  Cannot modify header information - headers already sent by (output started at /home3/sylvangr/public_html/suite.social/coder/share/connect/index.php:1) in /home3/sylvangr/public_html/suite.social/coder/share/connect/library/AuthAny/Provider/Linkedin.php on line 174
[26-Aug-2017 20:35:00 UTC] PHP Warning:  Cannot modify header information - headers already sent by (output started at /home3/sylvangr/public_html/suite.social/coder/share/connect/index.php:1) in /home3/sylvangr/public_html/suite.social/coder/share/connect/library/AuthAny.php on line 398
[26-Aug-2017 20:35:00 UTC] PHP Notice:  Undefined index: username in /home3/sylvangr/public_html/suite.social/coder/share/connect/index.php on line 127
[26-Aug-2017 20:35:00 UTC] PHP Notice:  Undefined index: product_banner in /home3/sylvangr/public_html/suite.social/coder/share/connect/index.php on line 795
[26-Aug-2017 20:35:12 UTC] PHP Fatal error:  Call to a member function handleGet() on null in /home3/sylvangr/public_html/suite.social/coder/share/connect/library/AuthAny.php on line 146
[26-Aug-2017 20:48:32 UTC] PHP Strict Standards:  Declaration of AuthAny_Provider_Linkedin::handleAuth() should be compatible with AuthAny::handleAuth($config = Array) in /home3/sylvangr/public_html/suite.social/coder/share/connect/library/AuthAny/Provider/Linkedin.php on line 238
[26-Aug-2017 20:48:32 UTC] PHP Strict Standards:  Declaration of AuthAny_Provider_Linkedin::getAccessToken() should be compatible with AuthAny::getAccessToken($code, $config = Array) in /home3/sylvangr/public_html/suite.social/coder/share/connect/library/AuthAny/Provider/Linkedin.php on line 238
[26-Aug-2017 20:48:33 UTC] PHP Warning:  Cannot modify header information - headers already sent by (output started at /home3/sylvangr/public_html/suite.social/coder/share/connect/index.php:1) in /home3/sylvangr/public_html/suite.social/coder/share/connect/library/AuthAny/Provider/Linkedin.php on line 174
[26-Aug-2017 20:48:33 UTC] PHP Warning:  Cannot modify header information - headers already sent by (output started at /home3/sylvangr/public_html/suite.social/coder/share/connect/index.php:1) in /home3/sylvangr/public_html/suite.social/coder/share/connect/library/AuthAny.php on line 398
[26-Aug-2017 20:48:33 UTC] PHP Notice:  Undefined index: username in /home3/sylvangr/public_html/suite.social/coder/share/connect/index.php on line 127
[26-Aug-2017 20:48:33 UTC] PHP Notice:  Undefined index: product_banner in /home3/sylvangr/public_html/suite.social/coder/share/connect/index.php on line 795
[26-Aug-2017 20:48:49 UTC] PHP Fatal error:  Call to a member function handleGet() on null in /home3/sylvangr/public_html/suite.social/coder/share/connect/library/AuthAny.php on line 146
