[21-Aug-2017 17:55:17 UTC] PHP Warning:  unlink(visitor_1683869308605358.txt): No such file or directory in /home3/sylvangr/public_html/suite.social/coder/share/connect/index.php on line 1277
[21-Aug-2017 17:55:17 UTC] PHP Warning:  unlink(1683869308605358.txt): No such file or directory in /home3/sylvangr/public_html/suite.social/coder/share/connect/index.php on line 1278
[21-Aug-2017 17:55:17 UTC] PHP Warning:  unlink(visitor_1683869308605358.txt): No such file or directory in /home3/sylvangr/public_html/suite.social/coder/share/connect/index.php on line 1277
[21-Aug-2017 17:55:17 UTC] PHP Warning:  unlink(1683869308605358.txt): No such file or directory in /home3/sylvangr/public_html/suite.social/coder/share/connect/index.php on line 1278
[21-Aug-2017 17:58:04 UTC] PHP Warning:  unlink(visitor_1683869308605358.txt): No such file or directory in /home3/sylvangr/public_html/suite.social/coder/share/connect/index.php on line 1277
[21-Aug-2017 17:58:04 UTC] PHP Warning:  unlink(1683869308605358.txt): No such file or directory in /home3/sylvangr/public_html/suite.social/coder/share/connect/index.php on line 1278
[21-Aug-2017 18:15:05 UTC] PHP Notice:  Undefined variable: share_id in /home3/sylvangr/public_html/suite.social/coder/share/connect/index.php on line 189
[21-Aug-2017 18:15:13 UTC] PHP Notice:  Undefined index: product_banner in /home3/sylvangr/public_html/suite.social/coder/share/connect/index.php on line 1060
[21-Aug-2017 18:15:14 UTC] PHP Notice:  Undefined index: product_banner in /home3/sylvangr/public_html/suite.social/coder/share/connect/index.php on line 1060
[21-Aug-2017 18:16:09 UTC] PHP Notice:  Undefined index: product_banner in /home3/sylvangr/public_html/suite.social/coder/share/connect/index.php on line 1061
[21-Aug-2017 18:18:42 UTC] PHP Fatal error:  Call to a member function handleGet() on null in /home3/sylvangr/public_html/suite.social/coder/share/connect/library/AuthAny.php on line 146
[21-Aug-2017 18:19:54 UTC] PHP Warning:  session_start(): Cannot send session cache limiter - headers already sent (output started at /home3/sylvangr/public_html/suite.social/coder/share/connect/index.php:1) in /home3/sylvangr/public_html/suite.social/coder/share/connect/library/AuthAny/Session.php on line 54
[21-Aug-2017 18:19:54 UTC] PHP Notice:  Undefined variable: share_id in /home3/sylvangr/public_html/suite.social/coder/share/connect/index.php on line 138
[21-Aug-2017 18:20:00 UTC] PHP Warning:  session_start(): Cannot send session cache limiter - headers already sent (output started at /home3/sylvangr/public_html/suite.social/coder/share/connect/index.php:1) in /home3/sylvangr/public_html/suite.social/coder/share/connect/library/AuthAny/Session.php on line 54
[21-Aug-2017 18:20:00 UTC] PHP Notice:  Undefined variable: share_id in /home3/sylvangr/public_html/suite.social/coder/share/connect/index.php on line 138
[21-Aug-2017 18:20:00 UTC] PHP Warning:  session_start(): Cannot send session cache limiter - headers already sent (output started at /home3/sylvangr/public_html/suite.social/coder/share/connect/index.php:1) in /home3/sylvangr/public_html/suite.social/coder/share/connect/library/AuthAny/Session.php on line 54
[21-Aug-2017 18:20:00 UTC] PHP Notice:  Undefined variable: share_id in /home3/sylvangr/public_html/suite.social/coder/share/connect/index.php on line 138
[21-Aug-2017 18:20:00 UTC] PHP Warning:  session_start(): Cannot send session cache limiter - headers already sent (output started at /home3/sylvangr/public_html/suite.social/coder/share/connect/index.php:1) in /home3/sylvangr/public_html/suite.social/coder/share/connect/library/AuthAny/Session.php on line 54
[21-Aug-2017 18:20:00 UTC] PHP Notice:  Undefined variable: share_id in /home3/sylvangr/public_html/suite.social/coder/share/connect/index.php on line 138
[21-Aug-2017 18:20:00 UTC] PHP Warning:  session_start(): Cannot send session cache limiter - headers already sent (output started at /home3/sylvangr/public_html/suite.social/coder/share/connect/index.php:1) in /home3/sylvangr/public_html/suite.social/coder/share/connect/library/AuthAny/Session.php on line 54
[21-Aug-2017 18:20:00 UTC] PHP Notice:  Undefined variable: share_id in /home3/sylvangr/public_html/suite.social/coder/share/connect/index.php on line 138
[21-Aug-2017 18:20:00 UTC] PHP Warning:  session_start(): Cannot send session cache limiter - headers already sent (output started at /home3/sylvangr/public_html/suite.social/coder/share/connect/index.php:1) in /home3/sylvangr/public_html/suite.social/coder/share/connect/library/AuthAny/Session.php on line 54
[21-Aug-2017 18:20:00 UTC] PHP Notice:  Undefined variable: share_id in /home3/sylvangr/public_html/suite.social/coder/share/connect/index.php on line 138
[21-Aug-2017 18:20:00 UTC] PHP Warning:  session_start(): Cannot send session cache limiter - headers already sent (output started at /home3/sylvangr/public_html/suite.social/coder/share/connect/index.php:1) in /home3/sylvangr/public_html/suite.social/coder/share/connect/library/AuthAny/Session.php on line 54
[21-Aug-2017 18:20:00 UTC] PHP Fatal error:  Call to a member function handleGet() on null in /home3/sylvangr/public_html/suite.social/coder/share/connect/library/AuthAny.php on line 146
[21-Aug-2017 18:20:03 UTC] PHP Warning:  session_start(): Cannot send session cache limiter - headers already sent (output started at /home3/sylvangr/public_html/suite.social/coder/share/connect/index.php:1) in /home3/sylvangr/public_html/suite.social/coder/share/connect/library/AuthAny/Session.php on line 54
[21-Aug-2017 18:20:03 UTC] PHP Notice:  Undefined variable: share_id in /home3/sylvangr/public_html/suite.social/coder/share/connect/index.php on line 138
[21-Aug-2017 18:47:09 UTC] PHP Strict Standards:  Declaration of AuthAny_Provider_Facebook::handleAuth() should be compatible with AuthAny::handleAuth($config = Array) in /home3/sylvangr/public_html/suite.social/coder/share/connect/library/AuthAny/Provider/Facebook.php on line 193
[21-Aug-2017 18:47:09 UTC] PHP Strict Standards:  Declaration of AuthAny_Provider_Facebook::getAccessToken() should be compatible with AuthAny::getAccessToken($code, $config = Array) in /home3/sylvangr/public_html/suite.social/coder/share/connect/library/AuthAny/Provider/Facebook.php on line 193
[21-Aug-2017 18:47:19 UTC] PHP Strict Standards:  Declaration of AuthAny_Provider_Facebook::handleAuth() should be compatible with AuthAny::handleAuth($config = Array) in /home3/sylvangr/public_html/suite.social/coder/share/connect/library/AuthAny/Provider/Facebook.php on line 193
[21-Aug-2017 18:47:19 UTC] PHP Strict Standards:  Declaration of AuthAny_Provider_Facebook::getAccessToken() should be compatible with AuthAny::getAccessToken($code, $config = Array) in /home3/sylvangr/public_html/suite.social/coder/share/connect/library/AuthAny/Provider/Facebook.php on line 193
[21-Aug-2017 18:47:19 UTC] PHP Notice:  Undefined index: product_banner in /home3/sylvangr/public_html/suite.social/coder/share/connect/index.php on line 1061
[21-Aug-2017 18:47:24 UTC] PHP Notice:  Undefined index: product_banner in /home3/sylvangr/public_html/suite.social/coder/share/connect/index.php on line 1061
[21-Aug-2017 18:49:14 UTC] PHP Fatal error:  Call to a member function handleGet() on null in /home3/sylvangr/public_html/suite.social/coder/share/connect/library/AuthAny.php on line 158
[21-Aug-2017 18:49:23 UTC] PHP Fatal error:  Call to a member function handleGet() on null in /home3/sylvangr/public_html/suite.social/coder/share/connect/library/AuthAny.php on line 158
[21-Aug-2017 18:49:33 UTC] PHP Fatal error:  Call to a member function handleGet() on null in /home3/sylvangr/public_html/suite.social/coder/share/connect/library/AuthAny.php on line 158
[21-Aug-2017 19:31:01 UTC] PHP Notice:  Undefined index: product_banner in /home3/sylvangr/public_html/suite.social/coder/share/connect/index.php on line 1061
[21-Aug-2017 20:04:57 UTC] PHP Notice:  Undefined index: product_banner in /home3/sylvangr/public_html/suite.social/coder/share/connect/index.php on line 1061
[21-Aug-2017 20:05:55 UTC] PHP Fatal error:  Call to a member function handleGet() on null in /home3/sylvangr/public_html/suite.social/coder/share/connect/library/AuthAny.php on line 158
