[22-Aug-2017 15:49:07 UTC] PHP Strict Standards:  Declaration of AuthAny_Provider_Facebook::handleAuth() should be compatible with AuthAny::handleAuth($config = Array) in /home3/sylvangr/public_html/suite.social/coder/share/connect/library/AuthAny/Provider/Facebook.php on line 193
[22-Aug-2017 15:49:07 UTC] PHP Strict Standards:  Declaration of AuthAny_Provider_Facebook::getAccessToken() should be compatible with AuthAny::getAccessToken($code, $config = Array) in /home3/sylvangr/public_html/suite.social/coder/share/connect/library/AuthAny/Provider/Facebook.php on line 193
[22-Aug-2017 15:49:08 UTC] PHP Notice:  Undefined index: product_banner in /home3/sylvangr/public_html/suite.social/coder/share/connect/index.php on line 1061
[22-Aug-2017 15:49:10 UTC] PHP Notice:  Undefined index: product_banner in /home3/sylvangr/public_html/suite.social/coder/share/connect/index.php on line 1061
[22-Aug-2017 15:49:41 UTC] PHP Fatal error:  Call to a member function handleGet() on null in /home3/sylvangr/public_html/suite.social/coder/share/connect/library/AuthAny.php on line 158
[22-Aug-2017 15:50:17 UTC] PHP Fatal error:  Call to a member function handleGet() on null in /home3/sylvangr/public_html/suite.social/coder/share/connect/library/AuthAny.php on line 158
[22-Aug-2017 16:19:25 UTC] PHP Fatal error:  Call to a member function handleGet() on null in /home3/sylvangr/public_html/suite.social/coder/share/connect/library/AuthAny.php on line 158
[22-Aug-2017 16:24:11 UTC] PHP Notice:  Undefined index: product_banner in /home3/sylvangr/public_html/suite.social/coder/share/connect/index.php on line 1061
[22-Aug-2017 16:26:22 UTC] PHP Fatal error:  Call to a member function handleGet() on null in /home3/sylvangr/public_html/suite.social/coder/share/connect/library/AuthAny.php on line 158
[22-Aug-2017 16:26:24 UTC] PHP Fatal error:  Call to a member function handleGet() on null in /home3/sylvangr/public_html/suite.social/coder/share/connect/library/AuthAny.php on line 158
[22-Aug-2017 16:46:46 UTC] PHP Notice:  Undefined index: product_banner in /home3/sylvangr/public_html/suite.social/coder/share/connect/index.php on line 1061
[22-Aug-2017 17:17:41 UTC] PHP Fatal error:  Call to a member function handleGet() on null in /home3/sylvangr/public_html/suite.social/coder/share/connect/library/AuthAny.php on line 158
[22-Aug-2017 17:17:41 UTC] PHP Fatal error:  Call to a member function handleGet() on null in /home3/sylvangr/public_html/suite.social/coder/share/connect/library/AuthAny.php on line 158
[22-Aug-2017 17:18:49 UTC] PHP Fatal error:  Call to a member function handleGet() on null in /home3/sylvangr/public_html/suite.social/coder/share/connect/library/AuthAny.php on line 158
[22-Aug-2017 17:18:50 UTC] PHP Fatal error:  Call to a member function handleGet() on null in /home3/sylvangr/public_html/suite.social/coder/share/connect/library/AuthAny.php on line 158
[22-Aug-2017 17:19:13 UTC] PHP Fatal error:  Call to a member function handleGet() on null in /home3/sylvangr/public_html/suite.social/coder/share/connect/library/AuthAny.php on line 158
[22-Aug-2017 19:08:18 UTC] PHP Strict Standards:  Declaration of AuthAny_Provider_Facebook::handleAuth() should be compatible with AuthAny::handleAuth($config = Array) in /home3/sylvangr/public_html/suite.social/coder/share/connect/library/AuthAny/Provider/Facebook.php on line 193
[22-Aug-2017 19:08:18 UTC] PHP Strict Standards:  Declaration of AuthAny_Provider_Facebook::getAccessToken() should be compatible with AuthAny::getAccessToken($code, $config = Array) in /home3/sylvangr/public_html/suite.social/coder/share/connect/library/AuthAny/Provider/Facebook.php on line 193
[22-Aug-2017 19:08:19 UTC] PHP Notice:  Undefined index: product_banner in /home3/sylvangr/public_html/suite.social/coder/share/connect/index.php on line 1062
[22-Aug-2017 19:08:19 UTC] PHP Notice:  Undefined index: product_banner in /home3/sylvangr/public_html/suite.social/coder/share/connect/index.php on line 1062
[22-Aug-2017 19:15:00 UTC] PHP Strict Standards:  Declaration of AuthAny_Provider_Facebook::handleAuth() should be compatible with AuthAny::handleAuth($config = Array) in /home3/sylvangr/public_html/suite.social/coder/share/connect/library/AuthAny/Provider/Facebook.php on line 193
[22-Aug-2017 19:15:00 UTC] PHP Strict Standards:  Declaration of AuthAny_Provider_Facebook::getAccessToken() should be compatible with AuthAny::getAccessToken($code, $config = Array) in /home3/sylvangr/public_html/suite.social/coder/share/connect/library/AuthAny/Provider/Facebook.php on line 193
[22-Aug-2017 19:15:01 UTC] PHP Notice:  Undefined index: product_banner in /home3/sylvangr/public_html/suite.social/coder/share/connect/index.php on line 1059
[22-Aug-2017 19:15:02 UTC] PHP Notice:  Undefined index: product_banner in /home3/sylvangr/public_html/suite.social/coder/share/connect/index.php on line 1059
[22-Aug-2017 19:16:39 UTC] PHP Notice:  Undefined index: product_banner in /home3/sylvangr/public_html/suite.social/coder/share/connect/index.php on line 1060
[22-Aug-2017 19:20:04 UTC] PHP Notice:  Undefined index: product_banner in /home3/sylvangr/public_html/suite.social/coder/share/connect/index.php on line 1064
[22-Aug-2017 19:29:04 UTC] PHP Notice:  Undefined index: product_banner in /home3/sylvangr/public_html/suite.social/coder/share/connect/index.php on line 1074
[22-Aug-2017 19:29:29 UTC] PHP Strict Standards:  Declaration of AuthAny_Provider_Facebook::handleAuth() should be compatible with AuthAny::handleAuth($config = Array) in /home3/sylvangr/public_html/suite.social/coder/share/connect/library/AuthAny/Provider/Facebook.php on line 193
[22-Aug-2017 19:29:29 UTC] PHP Strict Standards:  Declaration of AuthAny_Provider_Facebook::getAccessToken() should be compatible with AuthAny::getAccessToken($code, $config = Array) in /home3/sylvangr/public_html/suite.social/coder/share/connect/library/AuthAny/Provider/Facebook.php on line 193
[22-Aug-2017 19:29:30 UTC] PHP Notice:  Undefined index: product_banner in /home3/sylvangr/public_html/suite.social/coder/share/connect/index.php on line 1077
[22-Aug-2017 19:29:31 UTC] PHP Notice:  Undefined index: product_banner in /home3/sylvangr/public_html/suite.social/coder/share/connect/index.php on line 1077
[22-Aug-2017 19:30:54 UTC] PHP Notice:  Undefined index: product_banner in /home3/sylvangr/public_html/suite.social/coder/share/connect/index.php on line 1078
[22-Aug-2017 19:31:39 UTC] PHP Strict Standards:  Declaration of AuthAny_Provider_Facebook::handleAuth() should be compatible with AuthAny::handleAuth($config = Array) in /home3/sylvangr/public_html/suite.social/coder/share/connect/library/AuthAny/Provider/Facebook.php on line 193
[22-Aug-2017 19:31:39 UTC] PHP Strict Standards:  Declaration of AuthAny_Provider_Facebook::getAccessToken() should be compatible with AuthAny::getAccessToken($code, $config = Array) in /home3/sylvangr/public_html/suite.social/coder/share/connect/library/AuthAny/Provider/Facebook.php on line 193
[22-Aug-2017 19:31:40 UTC] PHP Notice:  Undefined index: product_banner in /home3/sylvangr/public_html/suite.social/coder/share/connect/index.php on line 1077
[22-Aug-2017 19:31:40 UTC] PHP Notice:  Undefined index: product_banner in /home3/sylvangr/public_html/suite.social/coder/share/connect/index.php on line 1077
[22-Aug-2017 19:32:42 UTC] PHP Notice:  Undefined index: product_banner in /home3/sylvangr/public_html/suite.social/coder/share/connect/index.php on line 1077
[22-Aug-2017 19:51:27 UTC] PHP Notice:  Undefined index: product_banner in /home3/sylvangr/public_html/suite.social/coder/share/connect/index.php on line 1077
[22-Aug-2017 20:01:25 UTC] PHP Strict Standards:  Declaration of AuthAny_Provider_Facebook::handleAuth() should be compatible with AuthAny::handleAuth($config = Array) in /home3/sylvangr/public_html/suite.social/coder/share/connect/library/AuthAny/Provider/Facebook.php on line 193
[22-Aug-2017 20:01:25 UTC] PHP Strict Standards:  Declaration of AuthAny_Provider_Facebook::getAccessToken() should be compatible with AuthAny::getAccessToken($code, $config = Array) in /home3/sylvangr/public_html/suite.social/coder/share/connect/library/AuthAny/Provider/Facebook.php on line 193
[22-Aug-2017 20:01:26 UTC] PHP Notice:  Undefined index: product_banner in /home3/sylvangr/public_html/suite.social/coder/share/connect/index.php on line 1077
[22-Aug-2017 20:01:27 UTC] PHP Notice:  Undefined index: product_banner in /home3/sylvangr/public_html/suite.social/coder/share/connect/index.php on line 1077
[22-Aug-2017 20:04:17 UTC] PHP Notice:  Undefined index: product_banner in /home3/sylvangr/public_html/suite.social/coder/share/connect/index.php on line 1077
[22-Aug-2017 20:06:53 UTC] PHP Notice:  Undefined index: product_banner in /home3/sylvangr/public_html/suite.social/coder/share/connect/index.php on line 1077
[22-Aug-2017 20:06:55 UTC] PHP Notice:  Undefined index: product_banner in /home3/sylvangr/public_html/suite.social/coder/share/connect/index.php on line 1077
[22-Aug-2017 20:18:32 UTC] PHP Strict Standards:  Declaration of AuthAny_Provider_Twitter::handleAuth() should be compatible with AuthAny::handleAuth($config = Array) in /home3/sylvangr/public_html/suite.social/coder/share/connect/library/AuthAny/Provider/Twitter.php on line 310
[22-Aug-2017 20:18:32 UTC] PHP Strict Standards:  Declaration of AuthAny_Provider_Twitter::getAccessToken() should be compatible with AuthAny::getAccessToken($code, $config = Array) in /home3/sylvangr/public_html/suite.social/coder/share/connect/library/AuthAny/Provider/Twitter.php on line 310
[22-Aug-2017 20:18:33 UTC] PHP Notice:  Undefined property: stdClass::$screen_name in /home3/sylvangr/public_html/suite.social/coder/share/connect/library/AuthAny/Provider/Twitter.php on line 280
[22-Aug-2017 20:18:33 UTC] PHP Notice:  twitter login error:  array (
) in /home3/sylvangr/public_html/suite.social/coder/share/connect/library/AuthAny/Provider/Twitter.php on line 198
[22-Aug-2017 20:19:07 UTC] PHP Strict Standards:  Declaration of AuthAny_Provider_Twitter::handleAuth() should be compatible with AuthAny::handleAuth($config = Array) in /home3/sylvangr/public_html/suite.social/coder/share/connect/library/AuthAny/Provider/Twitter.php on line 310
[22-Aug-2017 20:19:07 UTC] PHP Strict Standards:  Declaration of AuthAny_Provider_Twitter::getAccessToken() should be compatible with AuthAny::getAccessToken($code, $config = Array) in /home3/sylvangr/public_html/suite.social/coder/share/connect/library/AuthAny/Provider/Twitter.php on line 310
[22-Aug-2017 20:19:14 UTC] PHP Strict Standards:  Declaration of AuthAny_Provider_Twitter::handleAuth() should be compatible with AuthAny::handleAuth($config = Array) in /home3/sylvangr/public_html/suite.social/coder/share/connect/library/AuthAny/Provider/Twitter.php on line 310
[22-Aug-2017 20:19:14 UTC] PHP Strict Standards:  Declaration of AuthAny_Provider_Twitter::getAccessToken() should be compatible with AuthAny::getAccessToken($code, $config = Array) in /home3/sylvangr/public_html/suite.social/coder/share/connect/library/AuthAny/Provider/Twitter.php on line 310
[22-Aug-2017 20:19:15 UTC] PHP Notice:  Undefined index: product_banner in /home3/sylvangr/public_html/suite.social/coder/share/connect/index.php on line 1077
[22-Aug-2017 20:19:16 UTC] PHP Notice:  Undefined index: product_banner in /home3/sylvangr/public_html/suite.social/coder/share/connect/index.php on line 1077
[22-Aug-2017 20:21:07 UTC] PHP Notice:  Undefined index: product_banner in /home3/sylvangr/public_html/suite.social/coder/share/connect/index.php on line 1077
[22-Aug-2017 20:39:15 UTC] PHP Strict Standards:  Declaration of AuthAny_Provider_Facebook::handleAuth() should be compatible with AuthAny::handleAuth($config = Array) in /home3/sylvangr/public_html/suite.social/coder/share/connect/library/AuthAny/Provider/Facebook.php on line 193
[22-Aug-2017 20:39:15 UTC] PHP Strict Standards:  Declaration of AuthAny_Provider_Facebook::getAccessToken() should be compatible with AuthAny::getAccessToken($code, $config = Array) in /home3/sylvangr/public_html/suite.social/coder/share/connect/library/AuthAny/Provider/Facebook.php on line 193
[22-Aug-2017 20:39:16 UTC] PHP Notice:  Undefined index: product_banner in /home3/sylvangr/public_html/suite.social/coder/share/connect/index.php on line 1077
[22-Aug-2017 20:39:16 UTC] PHP Notice:  Undefined index: product_banner in /home3/sylvangr/public_html/suite.social/coder/share/connect/index.php on line 1077
[22-Aug-2017 20:40:29 UTC] PHP Fatal error:  Call to a member function handleGet() on null in /home3/sylvangr/public_html/suite.social/coder/share/connect/library/AuthAny.php on line 158
[22-Aug-2017 20:40:32 UTC] PHP Fatal error:  Call to a member function handleGet() on null in /home3/sylvangr/public_html/suite.social/coder/share/connect/library/AuthAny.php on line 158
